This is TeX, Version 3.14159265 (TeX Live 2017/MacPorts 2017_0) (preloaded format=tex 2017.8.2)  18 AUG 2017 21:25
**bigfoot-mk.ins
(./bigfoot-mk.ins (/opt/local/share/texmf-texlive/tex/latex/base/docstrip.tex
\blockLevel=\count26
\emptyLines=\count27
\processedLines=\count28
\commentsRemoved=\count29
\commentsPassed=\count30
\codeLinesPassed=\count31
\TotalprocessedLines=\count32
\TotalcommentsRemoved=\count33
\TotalcommentsPassed=\count34
\TotalcodeLinesPassed=\count35
\NumberOfFiles=\count36
\inFile=\read0
\inputcheck=\read1
\@tempcnta=\count37
\off@0=\count38
\off@1=\count39
\off@2=\count40
\off@3=\count41
\off@4=\count42
\off@5=\count43
\off@6=\count44
\off@7=\count45
\off@8=\count46
\off@9=\count47
\off@10=\count48
\off@11=\count49
\off@12=\count50
\off@13=\count51
\off@14=\count52
\off@15=\count53
\@temptokena=\toks12
\@maxfiles=\count54
\@maxoutfiles=\count55

Utility: `docstrip' 2.5e <2014/09/29>
English documentation    <2017/03/13>

**********************************************************
* This program converts documented macro-files into fast *
* loadable files by stripping off (nearly) all comments! *
**********************************************************

********************************************************
* No Configuration file found, using default settings. *
********************************************************

)

Generating file(s) bigfoot.drv perpage.drv suffix.drv bigfoot.sty perpage.sty s
uffix.sty 
\openout0 = `bigfoot.drv'.

\openout1 = `bigfoot.sty'.


Processing file bigfoot.dtx (driver) -> bigfoot.drv
                            (style) -> bigfoot.sty
% % % % % % % % % % % % % % % % % % % % % % % % % % % % % % % % % % % % % % %
% % % % % % % % % % % % % % % % % % % % % % % % % % % % % % % % % % % % % % %
% % % % % <*driver . . . . % % % % % % % % % % . . . % % % % % . . . . . % % %
% % . . <driver . > . . > % % % % % % % % % % % % % % % % % % % % % % <*style
. . . . . . . . . . . . . . . % % % % % % % % % % . . . % % % % % % . . . . .
. . . . % % % % % % % % % % % % % % <trace . > <trace . > <trace . >
<trace . > <trace . > <trace . > <trace . > <trace . > <trace . > % % % % %
<trace . > <trace . > <trace . > <trace . > <trace . > <trace . > <trace . >
<trace . > . % % % % % % % % % . . . . . % % % % % % % % % % % % % % % % % . .
. . . . % % % % % % % % % % % % % % % % % % . . . . . . . . . % % % % % % % %
. % % % % % % % % % % % . . . . . . . . . . . . . . . % % % % % % % % % % % %
. . . . . . . . . . . . . . . . . . . % % % % % % . . % % % % % % . . . . . %
% % % % % % % % % % % % . . . . . % % % % % % % % . . . % % % % % % % % . . .
. . % % % % % % % % % % % % % % % % % % % % % % % % % % . . . . . . % % % % %
% % . . . . . . . . . . . . . . . % % % % % % % % % % % % % % % % % . . . .
<trace . > <trace . > <trace . > <trace . > <trace . > <trace . > <trace . >
<trace . > <trace . > % % % % % % % % % . . % % % % % % % % % . . . . . . . .
<trace . > . % % % % % % . <trace . > . . % % % % % % % % % % % % % % % % % %
% % . % % % % % % . . . . % % % % % . . . . . . . . . . . % % % % % % . . . .
% % % % % % . . . . . . . % % % . . . . % % % % % % % % % . . . . . . % % % %
% % % % % . % % % % % % % % % % % % % % % % % . . . . . . . . . % % % % % % %
. . . % % % % % % % . . % % % % % % % % . . . . . . . . . . . . % % % % % % .
. . . % % % % % % . . . . . % % % % % . . % % % % % % % % % % % % % % % % % .
. . . % % % % % % % % % . . . . . . . . . . . . . . . . . . . % % % % % % % %
% % % % % % % % % % % % % % % % % . . . . . . . . . . . . . . . . . . . . % %
% % % % % % . . . . . . . . . . % % % % % % % % % % % . . % % % % % % % % % %
% % % % % % % % % % . <trace . > . . <trace . > . . . . . . . . % % % % % % %
% . . . . . . . . . . . . . . . <trace . > . . <trace . > . . . . % % % % % %
% % % % % % % % % . . . . . . . . % % % % % % . % % % % % % % % % % .
<trace . > . . . . . . . . . . . . . % % % % % % % % % . . . % % % % % . % % %
% % % . . . . % % % % % % % . <trace . > . . <trace . > . . . . <trace . > . .
. . . . . % % % % % % % % % % % % % % % % % % % % % % . . . . % % % % % % % %
% . . % % % % % % % % % % . . . . . . . . . . . . . . . . . . % % % % % . . %
% % % % . . % % % % % % % . % % % % % % % % % % % % % % % % % % % % % % % % %
% . . . . % % % % % % % % . % % % % % % % % . . . . % % % % % . . . . % % % %
% % % % % % . . . . . . % % % % . . . . . % % % % % . . . . . . . % % % % % .
. % % % . . . . . . % % % % % . . % % % % % . . . . . . % % % . . . % % % % %
. . . . . . . . . . . . . . . . . . . . % % % % % % % % % % % % % . . . . . .
. % % % % % . . . . . % % % % % % . . . % % % % % % % % % . . . . . . . . . .
. . . . . . . . . . . . . . . . . . . . . . . . . . . . . . . . . . . . . . %
% % % % % % % % % . . . . . . . . % % % % % % % % % % . . . . . . . % % % % .
. <trace . > <trace . > <trace . > % % % % % . . . . . . . . % % % % % . . . .
. . . . <trace . > <trace . > <trace . > <trace . > <trace . > <trace . >
<trace . > % % % % % <trace . > <trace . > <trace . > <trace . > <trace . >
<trace . > <trace . > <trace . > <trace . > % % % <trace . > <trace . >
<trace . > <trace . > <trace . > <trace . > <trace . > <trace . > <trace . >
<trace . > % % % % % % % % % % % % . . . . <trace . > <trace . > <trace . >
<trace . > . <trace . > . . <trace . > <trace . > <trace . > <trace . > . .
<trace . > <trace . > <trace . > <trace . > <trace . > <trace . > <trace . > .
% % % % % % % % % % % % % % % . <trace . > . % % % % % % . . . . . . . . % % %
% . . % % % . . . . . . . . % % % % % . . . . . . . . . . . . . % % % % % % %
% % % % % % % % % % % % % % % % % % % % % % % % % % % % % % % % % % % % % % %
% % % % % % % % % % % % % % % % % % % % % % % % % % % % % % % % % % % % % % %
% % % % % % % % % % % % % % % % % % % % % % % % % % % % % % % % % % % % % % %
% % % % % % % % % % % % % % % % % % % % % % % % % % % % % % . . . . . . . . .
. . . . . . . . . . . . . . . . . . . . . . . . . % % % % % % . . . . % % % %
% % % % . . . . . % % % . . . . . . . . . . . . % % % % % % % % . . . . % % %
% % % % . . . . % % % % % % % % % % % . . . . . . % % % % % % . . % % % % % %
% % % % % % % % % . . . . . . . . . . . . . . . . . % % % % % % % % % . . . .
% % % % % % % % % % % % % % % % % % % % % % % % % % % % % % % % % % % % % % %
% % % % % % % % % % % % % % % % % % % % % . % % % % % % % % % % % % % % % % %
% % % % % % % % % % % % % % % % % % % % % % % % % . . . . . <trace . >
<trace . > <trace . > <trace . > . <trace . > <trace . > <trace . > . . . . .
. . . . % % % % . . . . . . . . . . % % % % % % . . % % % % % % % % % . . . %
% % % % . % % % % . . . . . . . . . . . . . % % % % . <trace . > <trace . >
<trace . > <trace . > % % % % % . . <trace . > <trace . > . . . . . . . . . .
. . . . <trace . > <trace . > % % % % % % % % % % <trace . > <trace . >
<trace . > <trace . > . % % % % % % % % % % % % % % % % % % . . . . . . . . .
. . . . <trace . > <trace . > <trace . > . % % % % % % % % % % . <trace . >
<trace . > <trace . > . . . . . . . . . . . . . . . . . . % % % % % % % % .
<trace . > % % % % % % % % % . . % % % . . . . <trace . > <trace . >
<trace . > . % % % % % % % % % . . % % % % % % % % . % % % . % % % . . % % % %
. % % % % % . % % % % . . . . . . . . . . . % % % % % % . . . . % % % % % % %
. . . . . . . % % % % % % % % % % % % . . . . . <trace . > <trace . > . . . .
. . . . . <trace . > . . . . . . . . . . . . . % % % % % % % % % . . . % % . .
. . . . % % % % % % % . . . . . . . . . . . . . . . . . . . . . % % % % % % %
% % % % % % % % % . . . . . . . . . . . . . . . . . <trace . > <trace . > . .
<trace . > <trace . > <trace . > <trace . > <trace . > <trace . > <trace . >
<trace . > <trace . > . . . . . . . . . . . . . . . . . . . <trace . > . % % %
% % % % % % % % % % % % % . . . . . . . . . % % % <trace . > <trace . > . . .
% % % % % % . % % % . % % % <trace . > . . . . . . . . . . . . % % % % % % % %
% % % % % % % % % % % % % % % % % % % % % % % % % % % % % % % % % % % % % % %
% % % % % % % % % % % % % % % % % % % % % % % % % % % % % % % % % % % % % % %
% % % % % % . . . . . . . . . . . . . . . . . . . . . . . . . . . % % % % % %
. . . . . . . . . . . . . . . . . . . . . . . . . . % % % % % % . % % % % % .
% % % % % % . . % % % % % % % % . . % % % % % % % % % % % % % % % % % % % % %
% % % % % % % % . % % % % % % % % % % % % % % % . . . <trace . > <trace . >
<trace . > . <trace . > <trace . > <trace . > <trace . > . <trace . >
<trace . > <trace . > . . . . . . . . . . . <trace . > <trace . > <trace . > .
% % % % . % % % % % % % % . . . . . . . . % % % % % % % % % % % % % % % % % %
% % % % % % . % % % % % . . . . . . . . . % % % % % % % <trace . > . . . . . .
. . . . . . % % % % % % % % % . . . . . % % % % % % % % % % % % % % % . . . .
. . % % % % % . . % % % % % % % % % % . . . . . . . . . . % % % % % % . . . .
. . . . . . . . . . % % % % % . . . . . % % % % . . . . . . . . . . . . . . .
. % % % % % % % . <trace . > <trace . > . . . . . . . % % % % % % % % % % % .
% % % % % . . . . . . . . % % % % % % % % % . . % % % % % % . . . . . . . . .
. . . % % % % % . . % % % % % % % % % . . . <trace . > <trace . > <trace . >
<trace . > <trace . > <trace . > . <trace . > <trace . > <trace . > <trace . >
<trace . > <trace . > <trace . > . . . <trace . > <trace . > <trace . >
<trace . > <trace . > <trace . > . % % % % . . . . . . . . . . . . . . % % % %
% % % . . . . . . . . . . . . . . . . . . . . . . . . . . . . . . . . . . . .
. . . . . . . . . . . . . . . % % % % % % . . . . . . % % % % % % % . . . . .
. % % % % % % % % . % % % % . . . . . . . . . . . . . . . . % % % % % % % % .
% % % % % . . . . . . . . . % % . % % . . . . . . . . . . . . . . . . . % % %
% % % % % . . . . . % % % . . . . . . % % . . . . . . . . . . . . . . . . . .
. . . . . . . . . % % % % . % % % % % % % . . . . . . . . . % % % % % % % % %
. % % % % . . . % % % . . . . % % % % % . . . . % % % % . . . % % % % % % % %
% % % % % % . . . . . . . % % % % % . . . . . . % % % % % % % % % . <trace . >
<trace . > . . . . . . . % % % % . . . % % % . % % % . . . % % % % % % . . . %
% % % % % % . <trace . > . . . . . . . . . . . . . . . . . . . . . . . . % % %
% % % % % % % % % % . . . . <trace . > <trace . > <trace . > <trace . > . .
<trace . > <trace . > <trace . > <trace . > . <trace . > <trace . > <trace . >
. % % % % % . % % % % <trace . > <trace . > <trace . > <trace . > <trace . >
<trace . > <trace . > <trace . > <trace . > <trace . > <trace . > <trace . >
<trace . > <trace . > % % % % % % % . . . . . . . . % % % % . . . > % % % % %
% % % % % <installer . > <installer&make . > <installer . > <installer . >
<installer . > <installer . > <installer&!make . > <installer . >
<installer . > <installer . > <installer . > <installer . > % % % % % % %
Lines  processed: 3605
Comments removed: 1970
Comments  passed: 7
Codelines passed: 1419

\openout0 = `perpage.drv'.

\openout1 = `perpage.sty'.


Processing file perpage.dtx (driver) -> perpage.drv
                            (style) -> perpage.sty
% % % % % % % % % % % % % % % % % % % % % % % % % % % % % % % % % % % % % % %
% % % % % % % % % % % % % % % % % % % % % % % % % % % % % % % % % % % % % % %
% % % % % % % % % % % % % % % % % % % % % % % % % % % % % % % % % % % % % % %
% % % % % % % % % % % % % % % % % % % % <*driver . . . . . <driver . > . . > %
% % % % <*style . . % % % % % % % % % % % % % % % % % % % % % % % % . % % % %
% % . . . . . . . . % % % % % % % % % . . . . . . . . . . . % % % % % . % % %
% % % % % . . . . . % % % % % % % . . % % % % % % % % . . . % % % % % % % . .
% % % % % . . . % % % % % % % % % % % % % % % % % % % % % % % % % % % % % % %
% % % % % % % % % % % % % % % % % % % % % % % . . . . . . . . . . . . % % % %
% % . . . . . . . . . . . . . . . . % % % % % % % % . . . . . . . . . % % % %
% % % % % % % % % % % % . % % % % % . . . % % % % % % . . . . . . % % % % % %
% . . . . . . . . . . . % % % % % . % % % % % % % % % . . . . % % % % % % % %
% % % . . . . . . . . . . . . % % % % % % . . . . . . % % % % % % % % % . . .
. . . % % % % . . . . . . . . . . % % % % % % % . . . . . . . . . . > % % % %
% % % % %
Lines  processed: 547
Comments removed: 383
Comments  passed: 7
Codelines passed: 152

\openout0 = `suffix.drv'.

\openout1 = `suffix.sty'.


Processing file suffix.dtx (driver) -> suffix.drv
                           (style) -> suffix.sty
% % % % % % % % % % % % % % % % % % % % % % % % % % % % % % % % % % % % % % %
% % % % % % % % % % % % % % % % % % % % % % % % % % % % % % % % % % % % % % %
% <*driver . . . . . <driver . > . . > % % % % <*style . . . . . . . % % % % %
% % . . % % % % % % % % % % . . . . . . % % % % % % % % % . . % % % % % % % %
. . . . . . . . . . % % % % . . . . % % % % % % % . . % % % % % % % % % . . .
. . . . . % % % % % % % . . . . . . . . . % % % % % % % . . . . . . . . > % %
% % % % % %
Lines  processed: 236
Comments removed: 159
Comments  passed: 7
Codelines passed: 65

Overall statistics:
Files  processed: 3
Lines  processed: 4388
Comments removed: 2512
Comments  passed: 21
Codelines passed: 1636
 )
No pages of output.
