This is TeX, Version 3.14159265 (TeX Live 2017/MacPorts 2017_0) (preloaded format=tex 2017.8.2)  24 AUG 2017 14:07
**xfor.ins
(./xfor.ins (/opt/local/share/texmf-texlive/tex/latex/base/docstrip.tex
\blockLevel=\count26
\emptyLines=\count27
\processedLines=\count28
\commentsRemoved=\count29
\commentsPassed=\count30
\codeLinesPassed=\count31
\TotalprocessedLines=\count32
\TotalcommentsRemoved=\count33
\TotalcommentsPassed=\count34
\TotalcodeLinesPassed=\count35
\NumberOfFiles=\count36
\inFile=\read0
\inputcheck=\read1
\@tempcnta=\count37
\off@0=\count38
\off@1=\count39
\off@2=\count40
\off@3=\count41
\off@4=\count42
\off@5=\count43
\off@6=\count44
\off@7=\count45
\off@8=\count46
\off@9=\count47
\off@10=\count48
\off@11=\count49
\off@12=\count50
\off@13=\count51
\off@14=\count52
\off@15=\count53
\@temptokena=\toks12
\@maxfiles=\count54
\@maxoutfiles=\count55

Utility: `docstrip' 2.5e <2014/09/29>
English documentation    <2017/03/13>

**********************************************************
* This program converts documented macro-files into fast *
* loadable files by stripping off (nearly) all comments! *
**********************************************************

********************************************************
* No Configuration file found, using default settings. *
********************************************************

)

Generating file(s) xfor.sty sample.tex 
\openout0 = `xfor.sty'.

\openout1 = `sample.tex'.


Processing file xfor.dtx (xfor.sty,package) -> xfor.sty
                         (sample.tex,package) -> sample.tex
% % % % % % % % % % % % <*package > % % % % % % <*driver . . . . . . . . . . .
. . . . . . . . > % % % % % % % % % % % % % % % % % % % % % % % % % % % % % %
% % % % % % % % % % % % % % % % % % % % % % % % % % % % % % % % % % % % % % %
% % % % % % % % % % % % % % % % % % % % % % % % % % % % % % % % % % % % % % %
% % % % % % % % % % % % % % % % % % % % % % % % % % % % % % % % % % % % % % %
% % % % % % % % % % % % % % % % % % % % % % % % % % % % % % % % % % % % % % %
% % % % % % % % % % <*xfor.sty % % % % % % . . % % % % % . % % % % % % . % % %
% % % % % . % % % . . . % % % . . . . . % % % % % % % . . . . % % % % % % % %
% . % % % % % % % % % % . . . % % % . . % % % % . . . . . . . % % % % % % % %
. . . . . . . . % % % % % % % % . . . % % % % % % . % % > % % % % <*sample.tex
% % % % . . . . . . . % . . . . . . % . % . . . . . . . % . . . . . . % . . .
. . . . . . . . . . . . . . . . . . . . . % % . . . . . . . . . . . . . . . .
. . . . . . . . . . % % % > % % %
File xfor.dtx ended by \endinput.
Lines  processed: 484
Comments removed: 323
Comments  passed: 15
Codelines passed: 138

 )
No pages of output.
