This is pdfTeX, Version 3.14159265-2.6-1.40.18 (TeX Live 2017/MacPorts 2017_0) (preloaded format=latex 2017.8.2)  19 AUG 2017 10:46
entering extended mode
 restricted \write18 enabled.
 %&-line parsing enabled.
**standalone.ins
(./standalone.ins
LaTeX2e <2017-04-15>
Babel <3.10> and hyphenation patterns for 46 language(s) loaded.
! I can't find file `ydocstrip.tex'.
l.1 \input ydocstrip.tex
                        
(Press Enter to retry, or Control-D to exit)
Please type another input file name: ydocstrip.tex
(./ydocstrip.tex (/opt/local/share/texmf-texlive/tex/latex/base/docstrip.tex
\blockLevel=\count79
\emptyLines=\count80
\processedLines=\count81
\commentsRemoved=\count82
\commentsPassed=\count83
\codeLinesPassed=\count84
\TotalprocessedLines=\count85
\TotalcommentsRemoved=\count86
\TotalcommentsPassed=\count87
\TotalcodeLinesPassed=\count88
\NumberOfFiles=\count89
\inFile=\read1
\inputcheck=\read2
\off@0=\count90
\off@1=\count91
\off@2=\count92
\off@3=\count93
\off@4=\count94
\off@5=\count95
\off@6=\count96
\off@7=\count97
\off@8=\count98
\off@9=\count99
\off@10=\count100
\off@11=\count101
\off@12=\count102
\off@13=\count103
\off@14=\count104
\off@15=\count105
\@maxfiles=\count106
\@maxoutfiles=\count107

Utility: `docstrip' 2.5e <2014/09/29>
English documentation    <2017/03/13>

**********************************************************
* This program converts documented macro-files into fast *
* loadable files by stripping off (nearly) all comments! *
**********************************************************

********************************************************
* No Configuration file found, using default settings. *
********************************************************

))

Generating file(s) ./standalone.cls ./standalone.sty ./standalone.tex ./standal
one.cfg 
\openout0 = `./standalone.cls'.

\openout1 = `./standalone.sty'.

\openout2 = `./standalone.tex'.

\openout3 = `./standalone.cfg'.


Processing file standalone.dtx (standalone.cls) -> standalone.cls
                               (standalone.sty) -> standalone.sty
                               (standalone.tex) -> standalone.tex
                               (standalone.cfg) -> standalone.cfg
Lines  processed: 4599
Comments removed: 2467
Comments  passed: 29
Codelines passed: 2074

 ) 
Here is how much of TeX's memory you used:
 358 strings out of 494109
 3773 string characters out of 6155682
 57879 words of memory out of 5000000
 3829 multiletter control sequences out of 15000+600000
 3640 words of font info for 14 fonts, out of 8000000 for 9000
 430 hyphenation exceptions out of 8191
 11i,0n,15p,285b,168s stack positions out of 5000i,500n,10000p,200000b,80000s

No pages of output.
