This is TeX, Version 3.14159265 (TeX Live 2017/MacPorts 2017_0) (preloaded format=tex 2017.8.2)  19 AUG 2017 11:00
**mdframed.ins
(./mdframed.ins (/opt/local/share/texmf-texlive/tex/latex/base/docstrip.tex
\blockLevel=\count26
\emptyLines=\count27
\processedLines=\count28
\commentsRemoved=\count29
\commentsPassed=\count30
\codeLinesPassed=\count31
\TotalprocessedLines=\count32
\TotalcommentsRemoved=\count33
\TotalcommentsPassed=\count34
\TotalcodeLinesPassed=\count35
\NumberOfFiles=\count36
\inFile=\read0
\inputcheck=\read1
\@tempcnta=\count37
\off@0=\count38
\off@1=\count39
\off@2=\count40
\off@3=\count41
\off@4=\count42
\off@5=\count43
\off@6=\count44
\off@7=\count45
\off@8=\count46
\off@9=\count47
\off@10=\count48
\off@11=\count49
\off@12=\count50
\off@13=\count51
\off@14=\count52
\off@15=\count53
\@temptokena=\toks12
\@maxfiles=\count54
\@maxoutfiles=\count55

Utility: `docstrip' 2.5e <2014/09/29>
English documentation    <2017/03/13>

**********************************************************
* This program converts documented macro-files into fast *
* loadable files by stripping off (nearly) all comments! *
**********************************************************

********************************************************
* No Configuration file found, using default settings. *
********************************************************

)

Generating file(s) mdframed.sty 
\openout0 = `mdframed.sty'.


Processing file mdframed.dtx (package) -> mdframed.sty
File mdframed.dtx ended by \endinput.
Lines  processed: 7862
Comments removed: 2475
Comments  passed: 53
Codelines passed: 5237


Generating file(s) md-frame-0.mdf 
\openout0 = `md-frame-0.mdf'.


Processing file mdframed.dtx (mdframedefault) -> md-frame-0.mdf
File mdframed.dtx ended by \endinput.
Lines  processed: 7862
Comments removed: 2475
Comments  passed: 53
Codelines passed: 5237


Generating file(s) md-frame-1.mdf 
\openout0 = `md-frame-1.mdf'.


Processing file mdframed.dtx (mdframetikz) -> md-frame-1.mdf
File mdframed.dtx ended by \endinput.
Lines  processed: 7862
Comments removed: 2475
Comments  passed: 53
Codelines passed: 5237


Generating file(s) md-frame-2.mdf 
\openout0 = `md-frame-2.mdf'.


Processing file mdframed.dtx (mdframepstricks) -> md-frame-2.mdf
File mdframed.dtx ended by \endinput.
Lines  processed: 7862
Comments removed: 2475
Comments  passed: 53
Codelines passed: 5237


Generating file(s) md-frame-3.mdf 
\openout0 = `md-frame-3.mdf'.


Processing file mdframed.dtx (mdframepstricks) -> md-frame-3.mdf
File mdframed.dtx ended by \endinput.
Lines  processed: 7862
Comments removed: 2475
Comments  passed: 53
Codelines passed: 5237

*********************************************************
*
* To finish the installation you have to move the
* following file into a directory searched by TeX:
*
*   documentation.sty
*
* To produce the documentation run the file mdframed.dtx
* once through LaTeX. Then, run
*
*   makeindex -s gglo.ist -o mdframed.gls mdframed.glo
*   makeindex -s gind.ist mdframed.idx
*
* through makeIndex to produce the glossary.
* Finally, run PdfLaTeX once again.
*
* To create the examples run (pdf)latex on the tex-files.
*
* That's all!
*
* Happy TeXing!
*********************************************************
Overall statistics:
Files  processed: 5
Lines  processed: 39310
Comments removed: 12375
Comments  passed: 265
Codelines passed: 26185
 )
No pages of output.
