This is pdfTeX, Version 3.14159265-2.6-1.40.18 (TeX Live 2017/MacPorts 2017_0) (preloaded format=pdflatex 2017.8.2)  21 AUG 2017 00:13
entering extended mode
 \write18 enabled.
 %&-line parsing enabled.
**example.tex
(./example.tex
LaTeX2e <2017-04-15>
Babel <3.10> and hyphenation patterns for 46 language(s) loaded.
(./tudprosper.cls
Document Class: tudprosper 2001/01/23, v. 1.1
TU Delft Prosper Style
(/opt/local/share/texmf-texlive/tex/latex/base/ifthen.sty
Package: ifthen 2014/09/29 v1.1c Standard LaTeX ifthen package (DPC)
) (/opt/local/share/texmf-texlive/tex/latex/seminar/seminar.cls
Document Class: seminar 2014/01/17, 1.61
Documentclass: `seminar' v1.61 <2014/01/17> (tvz,hv)
(./pst-ovl.sty
Package: pst-ovl 2014/01/02 v0.01 LaTeX wrapper for `pst-ovl' (HV)
File: pst-ovl.tex 2014/05/12 v0.06 overlay macros `pst-ovl' (HV)
(./pst-ovl.tex
! I can't find file `pstricks'.
l.25 ...TricksLoaded\endinput\else\input pstricks 
                                                  \fi
(Press Enter to retry, or Control-D to exit)
Please type another input file name
! Emergency stop.
l.25 ...TricksLoaded\endinput\else\input pstricks 
                                                  \fi
*** (job aborted, file error in nonstop mode)

 
Here is how much of TeX's memory you used:
 138 strings out of 494108
 1736 string characters out of 6155656
 51003 words of memory out of 5000000
 3601 multiletter control sequences out of 15000+600000
 3640 words of font info for 14 fonts, out of 8000000 for 9000
 430 hyphenation exceptions out of 8191
 24i,0n,19p,165b,20s stack positions out of 5000i,500n,10000p,200000b,80000s
!  ==> Fatal error occurred, no output PDF file produced!
