This is TeX, Version 3.14159265 (TeX Live 2017/MacPorts 2017_0) (preloaded format=tex 2017.8.2)  24 AUG 2017 14:09
**datatool.ins
(./datatool.ins (/opt/local/share/texmf-texlive/tex/latex/base/docstrip.tex
\blockLevel=\count26
\emptyLines=\count27
\processedLines=\count28
\commentsRemoved=\count29
\commentsPassed=\count30
\codeLinesPassed=\count31
\TotalprocessedLines=\count32
\TotalcommentsRemoved=\count33
\TotalcommentsPassed=\count34
\TotalcodeLinesPassed=\count35
\NumberOfFiles=\count36
\inFile=\read0
\inputcheck=\read1
\@tempcnta=\count37
\off@0=\count38
\off@1=\count39
\off@2=\count40
\off@3=\count41
\off@4=\count42
\off@5=\count43
\off@6=\count44
\off@7=\count45
\off@8=\count46
\off@9=\count47
\off@10=\count48
\off@11=\count49
\off@12=\count50
\off@13=\count51
\off@14=\count52
\off@15=\count53
\@temptokena=\toks12
\@maxfiles=\count54
\@maxoutfiles=\count55

Utility: `docstrip' 2.5e <2014/09/29>
English documentation    <2017/03/13>

**********************************************************
* This program converts documented macro-files into fast *
* loadable files by stripping off (nearly) all comments! *
**********************************************************

********************************************************
* No Configuration file found, using default settings. *
********************************************************

)

Generating file(s) datatool-base.sty datatool-fp.sty datatool-pgfmath.sty datat
ool.sty datagidx.sty databib.sty databar.sty datapie.sty dataplot.sty person.st
y databib.bst 
\openout0 = `datatool-base.sty'.

\openout1 = `datatool-fp.sty'.

\openout2 = `datatool-pgfmath.sty'.

\openout3 = `datatool.sty'.

\openout4 = `datagidx.sty'.

\openout5 = `databib.sty'.

\openout6 = `databar.sty'.

\openout7 = `datapie.sty'.

\openout8 = `dataplot.sty'.

\openout9 = `person.sty'.

\openout10 = `databib.bst'.


Processing file datatool.dtx (datatool-base.sty,package) -> datatool-base.sty
                             (datatool-fp.sty,package) -> datatool-fp.sty
                             (datatool-pgfmath.sty,package) -> datatool-pgfmath
.sty
                             (datatool.sty,package) -> datatool.sty
                             (datagidx.sty,package) -> datagidx.sty
                             (databib.sty,package) -> databib.sty
                             (databar.sty,package) -> databar.sty
                             (datapie.sty,package) -> datapie.sty
                             (dataplot.sty,package) -> dataplot.sty
                             (person.sty,package) -> person.sty
                             (databib.bst) -> databib.bst
% % % % % % % % % % % % % % % % % % % % % % % % <*package > % % % % % %
<*driver . . . . . . . . . . . . . . . . . . . . . . . . . . . . . . . > % % %
% % % % % % % % % % % % % % % % % % % % % % % % % % % % % %
<*datatool-base.sty % % % % % % % % . . % % % . . . . . % % % % . % % % % % %
% % % % . . . . . % % % % % % . . . % % % % % % % % . . . . % % % % % % . % %
% % % % . % % % % % . % % % % % . % % % % . % % % % % % % % % % . . . % % % %
% . % % % % % % . % % % % % . % % % % % % % % % . . . . . . . . . . % % % % .
. . . . . . . . . % % % % % % % . . . . . . . . . . . . . . . . . . . . . . .
% % % % % % % % % % % . . % % % . . . . . . . . . % % % % % % % % % % % . . .
% % % . . . . . . . . . . . % % % % % % % . . . . . . . . . % % % % % % . . .
. . % % % % % % . . . . . . . . . . . . . % % % % % % . . . % % % % % % % % %
% % % % % . . . . . . . . % . . % . . . % % % % % % % % % . . . . . . . . . %
% % % % % % % % % % % . % % % . % % % . % % % . . . % % % . . . . % % % % . .
. . % % % % . . . . . % % % . . . % % % % % % % % % % % . . . . . . . . . . .
. % % % % % % % % % % % % % % % % % % % % % % % % % % . . . . . . . . % % % %
% % % % % % . . . . . . . . % % % % . % % % % . . . . . . . . . . . . . . . .
. . . . . . . . . . . . . . . . . . . . . % % % % % % % % % % % . . . . . . .
. % % % % % % % % % % % % % % % . . . . . . . . . . . . . . . . . . . . . . .
. . . . . . . . . . . . . . . . . . . . . . . . . . . . . . . . . . . . . . .
. . . . . . . . . . % % % % % % % % % % . . . . % % % % % % % . % % % % % . %
% % % % % % % % % . . . . . . . % % % % % % % % % % . . . . . . . . . % % % %
% % % % % . % % % % % % . % % % % % % . % % % % % % % % % % . . . . . . % % %
% % % % % % % % % % % % % % % % % % % . . . . . . . . . . . . . . . . . . . .
. . . . . . . . . . . . . . . . . % % % % % % . . . % % % % % % % % . . . . .
. . . . . . . . . % % % % . . . . . . . . . . . . . . . . . . . . . . . . . .
. . % % % % . . . % % % % % % % % % . . . . . % % % % % % % % . . . . . . . .
. . . . % % % % % . % % % % % % % % % % . . . % % % % . . . % % % % % % % % %
% . . . . . . . . . % % % % % % . . . . . . . . . . . . . . . . . % % % % % %
% % % % % . . . . . . . . . . . % % % % % . . . . . . . . . . . % % % % . . .
. . . . . . . . . . % % % % % % . . . . . . . . . % % % % . . . . . . . . . .
. . . . . . . . . % % % % % % % % % % % % % % % . . . . . . . . . % % % % % %
% . . . . % % % % % % % . . . . . . . . . % % % % % % % % % % % . . . . . . .
. . . . . . . . . . . . . . . . . . . . . . . . . . . . . . . % % % % % . . .
% % % % % % . % % % % % % % % . . . . . % % % % % . . . . . . . . . . % % % %
% % % % % % % % . . . . . . . . . . . . . . . . . % % % % % % % % . % % % % %
. . . % % % % % % % % % % % % % % . . . . . . . . . . . . % % % % % . . . . %
% % % % % % % % % % . . . . . . . . . . . . . . % % % % % % % % . . . . % % %
% % % % % % . . . . . . . . . . . . % % % % % . . . . % % % % % % % % % . . .
. . . . . . . . . . . . . . . . . . . . . . % % % % % . . . . % % % % % % % %
% . . . . . . . . . . . . . . . . . . . . . . . . . % % % % % . . . . % % % %
% % % % % . . . . . . . . . . . % % % % % . . . . % % % % % % % % % . . . . .
. . . . . . % % % % % . . . . % % % % % % % % % . . . . . . . . . . . % % % %
% . . . . % % % % % % % % % . . . . . . . . . . . . . . . % % % % % . . . . %
% % % % % % % % % % . . . . . . . . . . . . . . . . . . . . % % % % % % % % .
. . . % % % % % % % % % . . . . . . . . . . . . . . . . % % % % % . . . . % %
% % % % % % % % % . . . . . . . . . . . . . . . . . . . . % % % % % % % % . .
. . % % % % % % % % % % % . . . . . . . . . . . . . . . . . % % % % % % % % .
. . . % % % % % % % % % % % % . . . . . . . . . . . . . . . . . . . . . . . .
. . . . . . . . . % % % % % % % % . . . . % % % % % % % % % % % % . . . . . .
. . . . . . . . . . . . . . . . . . . . . . . . . . . . % % % % % % % % . . .
. % % % % % % % % % % . . . . . . . . . . . % % % % % . . . . % % % % % % % %
% % . . . . . . . . . . . % % % % % . . . . % % % % % % % % % . . . . . . . .
. . . % % % % % . . . . % % % % % % % % % % % % % . . . . . . . . . % % % % %
% . % % % . . . . . . . . . . . . . . . . . . . . % % % . . . . . . . . % % %
% % % % % % % % . . . . . . . . . % % % % . . . . . . . . . . . . . . % % % %
. . . . . . . . . . . . . . . . . . . . . . % % % % . . . . . . . . . . % % %
% % . % % % % % . % % % % % . % % % % % % . % % % % % % % % % % . . . . . % %
% % . . . . . . . . . . . . . . . . . . . . . . . . . . . . . . . . . . . . .
. % % % % . . . . . . . . . . . . . . . . . . . . . . . . . . . . . . . . . %
% % % % % % % % . . . . . % % % % . . . . . . . . . . . . . . . . . . . . . .
. . . . . . . . . . . . . . . % % % % . . . . . . . . . . . . . . . . . . . .
. . . . . . . . . . . . . % % % % % % % % % % . . . . . . . . . . . . . . . .
% % % % % % % % % % % . . . . . . . . . . . . . . . . . % % % % % % % % % % %
% % . . . . . . . . % % % % % . . . . . . . . . . . . . . . . . . % % % % % .
% % % % % % % . % % % % % % % % % % % . % % % % % % % % % % . . . . . . . . .
. % % % . . . . . . . . . . . . . . . . . . . . . . . . . . % % % % % % . . .
. . . . . . . . . . . . . . . . . . . . . . . . . . . . . . . . . . . . . . .
. . . . . . . . % % % % % % % . % % % % % % % % . . . . . . . . . . . % % % %
% % % % % . . . . . . . . . . . . . . . . . . . . . . . . . . . . . . . . . .
. . . . . . . . . . . . . . . . . % % % % % . % % % % % % % % % % . . . . % %
% % % % % % % % % . . . . % % % % % % % % % % % . . . . % % % % % % % % % % %
. . . . % % % % % % % % % % % . . . . % % % % % % % % % % % % . . . . . . . .
% % % % % % % % % % % % % . . . . . . . . . . . . % % % % % % % % % % . . . .
. . . . . . . . . . . . . % % % % % % % % % % % % . . . . . . . . . . . % % %
% % % % % % % % % % % % % % % % % % % % % % % % % % % % % % % % % % % % % % %
% % % % % % % % % % % % % % % % % % % % % % % % % % % % % % % % % % % % % % %
% % % % % % % % % % % % % % % % % % % % % % % % % % % % % % % % % % % . . . .
. . . . . . . . . . . . . . . . . . . . . . . . . . . . . % % % % % . . . . .
. . . . . . . . . % % % % . . . . . . . . . . . . . . . . . . . . . . . . . .
. . . . . . . . . . . . . . % % % % . . . . . . . . . . . . . . . . . % % % %
% % % . . . . . . . . . . . . . % % % % % % . . . . . . . . % % % % % % . % %
% % % % % % . . . . . . . . . . . . . . . . . . . . . . % % % % . . % % % % %
% % % % % . . . % % % . . . . % % % % % . . . % % % . . . . % % % . . . % % %
. . . . . . % % % % % % % % . % % % % % % % % . % % % % % % % % . % % % % % %
% % . % % % % % % % . . . . . . . . . . . . . . . . . . . . . . . . . . . . .
. . . . . . . . . . . . . . . . . . . . . . . . . . . . . . . . . . . . . . .
. . . . . . . . . . . . . . . . . . . . . . . . . . . . . . . . . . . . . . .
. . . . . . . . . . . . . . . . . . . . . . . . . . . . . . . . . . . . . . .
. . . . . . . . . . . . . . . . . % % % % % % % . . . . . . . . . . . . . . .
. . . . . . . . . . . . . . . . . . . . . . . . . . . . . . . . . . . . . . .
. . . . . . . . . . . . . . . . . . . . . . . . . . . . . . . . . . . . . . .
. . . . . . . . . . . . . . . . . . . . . . . . % % % % % % % % % % % % . . .
% % % . . . % % % % % . . . . % % % . . . . % % % . . . % % % . . % % % % % %
. . . . . . . % % % % % % % % % . . . . . . . % % % . . . % % % % . . . . . .
% % % % . . . % % % % % . . . . % % % . . . . . . % % % . . % % % % . . % % %
. . . . % % % % % . . . . . . . . . . . . . . % % % % . . . . . . . . . . . .
. . . . . . . . . . . . . . . . . % % % % . . . . . . . . . . . . . . % % % %
% % . . . . . . . . . % % % % % . . . . . . . . . . % % % % % % . . . % % % %
% % . . . % % % % % % % . . . . . . . . . . . . . . . . . . . % % % % % % % %
% % . . . . . . . . . . . . . . . . . . . . . . . . . . . . . . . . . . . . .
. . . . . . % % % . . . . . . . . . . . . . . . . . . . . . . . . . . . . . .
. . . . . . . . . . . . . % % % % . . . . . . . . % % % . . . . . . % % % . %
% % % % % . . . . . . % % % . . . . . . . . . . . % % % . . % % % . % % % % .
. . . % % % % . . . . % % % . . . . . . % % % . . % % % . % % % . . . . . % %
% . . . . . . . . . . . % % % % % % . % % % % % . % % % % % . % % % % % . % %
% % % % % % % % . % % % . . % % % . . % % % % . . . . . . % % % % % % % % % %
% . % % % . . % % % . . % % % . . . % % % . . . . % % % . . % % % . . . % % %
. % % % . % % % . . . . . % % % . % % % . . . . . % % % % % % . . . . % % % %
% % % % % . . . % % % % % % % % % . . . % % % % % % % % % . . . . . . % % % .
. . . . . % % % % . . . % % % . . . . . . . . % % % % % . . . . . % % % . . .
. . . % % % % % . % % % % % % . % % % . . % % % % . . . . . . . . % % % . . .
. . % % % . . . . . . % % % % % % % % % . . . . % % % . . . . . % % % . . . .
. % % % . . . % % % . . . . . % % % % % % % % % % % . . . . . . . . . . . % %
% % % . . . . . . . . . . % % % % % % % % % % . % % % . . . . . . . . . . % %
% . . . . . . . . . . % % % % % % % % % % % % . % % % . . . . . . . . % % % .
. . . . . . . % % % % % % % % % % % % . . . . . . . . . . . % % % % % % % % %
% . % % % . . . . . . . . . . % % % . . . . . . . . . . % % % % % % % % % % %
. % % % . . . . . . . . % % % . . . . . . . . % % % % % % % % % % % % . . . .
. . . . . . . % % % % % % % % % % . % % % . . . . . . . . . . % % % . . . . .
. . . . . % % % % % % % % % % % . % % % . . . . . . . . % % % . . . . . . . .
% % % % % % % % % % % % . . . . . . . . . . % % % % . . . % % % % % . . . . .
. . . . % % % % . . . . . . . . . . . . . . . . . . . . . . . . . . . . . % %
% % % % % % % % % % . . . . . . . . . . % % % % % % % % % % % . . . % % % % %
. . . . . . . . . . . . . . . . . . . . . . . . . . . . . % % % . . . . . % %
% . . % % % % . . % % % . . . . . . . . . . . . . . . . . . . . . . . . . . .
. . . . % % % % . . . . . . . . % % % . . . . . . . . % % % % % % % % % . . .
. . . % % % % % % % % % % . . . % % % . . . . . . . . . . . . . . . . . . . .
% % % . . . . . . . . . . . . . . . . . . . . % % % % % % % % % % % % . . . %
% % . . . . . . . . . . . . . . . . % % % . . . . . . . . . . . . . . . . % %
% % % % % % % . . . . . . % % % % % % % % % % . . . % % % . . . . . . . . . .
. . . . . . . . . . . % % % . . . . . . . . . . . . . . . . . . . . . % % % %
% % % % % % % % . . . % % % . . . . . . . . . . . . . . . . % % % . . . . . .
. . . . . . . . . . % % % % % % % % % % % . % % % % % % % % % % . % % % % % %
% % % % % % % % . . . % % % % % % . . . % % % % % % % % % . . . % % % % % % %
. . . % % % % % % % . . . % % % % % . . . % % % % % % % % . . . % % % % % % .
. . % % % % % % % . . . % % % % % . . . % % % % % % % % . . . % % % % % % . .
. % % % % % % % . . . . % % % % % % % . . . . % % % % % % % . . . . % % % % %
% . . . % % % % % % % % . . . . % % % % % % . . . . % % % % % % % % . . . . %
% % % % . . . . % % % % % % % % . . . . % % % % % . . . . % % % % % % % % . .
. . % % % % % % . . . . % % % % % % % % . . . . % % % % % . . . . % % % % % %
% % . . . . % % % % % % . . . . % % % % % % . % % % % % % % % . . . . % % % %
% . . . . % % % % % % % % . . . . . . . . . % % % % % . . . . % % % % % % % %
. . . . . . . . . % % % % % . . . . % % % % % % % . . . . . . . . . % % % % %
. . . . % % % % % % % % . . . . . . . . . . . . . % % % % % . . . . % % % % %
% % % . . . . . . . . . . . . . % % % % % . . . % % % % % % % . . % % % % % .
. % % % % % % % . . . % % % % % . . % % % % % % % . . % % % % % . . % % % % %
% % . . % % % % % . . % % % % % % % . . % % % % % . . % % % % % % % . . % % %
% % . . . . % % % % % % % . . . % % % % % % % % % % % % % % . % % % . . % % %
% . % % % . % % % . % % % . . . . . . . % % % . . . . . . . % % % . . % % % %
% % . % % % % % % % % % % % % % . % % % . % % % . % % % . . . % % % % . . . %
% % % . . . % % % . % % % . . . . . . . % % % . . . . . . . % % % . . % % % .
. % % % % % % % . . . . . . . . . % % % % > % % % % <*datatool-fp.sty % % % %
% . . % % % . . . % % % % . . . . . . . . % % % % % . % % % % % . % % % % % %
% % % % . . . . . . . % % % % % % . % % % % % % % % % % % % % . . . . . . . %
% % % % % % % % % % % . . . . . . . % % % % % % % % % % . . . . . . . . . . .
. . . . . . . % % % % % % % % % % . . . . . . . . . . . . . . . . . . . . . .
. . . . . . . . % % % % % % % % . . . % % % % % % . . . % % % % % % . . . % %
% % % % . . . % % % % % % . . . % % % % % % . . . % % % % % % % . . . % % % %
% . . . % % % % % % . . . % % % % % % . . . % % % % % % . . . % % % % % % . .
. % % % % % > % % % % <*datatool-pgfmath.sty % % % % % . . % % % . . % % % % .
% % % % % . % % % % % % % % % % % % % % . . . . . . . % % % % % . % % % % % %
% % % % % % % % . . . . . . . % % % % % % % % % % % % % % . . . . . . . % % %
% % % % % % % % % . . . . . . . . % % % % % % % % % % % % . . . . . . . . % %
% % % % % . . . . % % % % % % . . . . % % % % % % . . . . % % % % % % . . . .
% % % % % % . . . . % % % % % % % . . . . . . . % % % % . . . % % % % % % . .
. . . . . . . . . % % % % % % . . . . . . . . . . . . % % % % % % % % % % . .
. . . . . % % % % . . . % % % % % % . . . . . . . . . . . % % % % % % . . . %
% % % % % . . . . % % % % % % . . . . % % % % % % . . . . % % % % % % . . . .
% % % % % > % % % % <*datatool.sty % % % % % % . . % % % . . . . . % % % % % %
% % % % % . % % % % % % % % % . . . . % % . . % % % % % . . . . % % % % % % .
. . . % % % % % % % % . . . . % % % % % % % % . . . . % % % % % % % % % % % %
% . . . . . . . . . . % % % % % % % % % % . . . . % % % % . . . . . . . . . .
% % % % % % % % % . . . . . . . % % % % % % % % % % . . . . . . % % % % % % .
. . % % % % % % . . . % % % % % . % % % % % % % % % . . . . % % % % % . % % %
% . % % % % . % % % % % % % % % % % % . % % % % % % % % % % % % % % % % % % %
% % % % % % % % % % % % % % % % % % % % % % % % % % % % % % % % % % . % % % .
. . . . % % % % . % % % . % % % . % % % . % % % . . . % % % % % % % % % % . .
. . . . . . . . . . . . . . . % % % % % % % % % % . . . . . . . . . . . . . .
. . . % % % % % % % % % % . % % % . . . . . % % % % . % % % . % % % . % % % .
% % % . . . % % % % % % % % % . . . . . . . . . . . . . . . . . % % % % % % %
% % . . . . . . . . . . . . . . . . . % % % % % % % % % % % . . . % % % % % %
% % % % % . . . % % % % % % % % % . . . . . . % % % % % % % % % % . . . . . .
. % % % % % % % % % % . . . % % % % % % % % % % % . . . . . . % % % % % % % %
% % % . % % % . % % % . . . . . . . . % % % . . % % % % % % % . % % % % % % .
% % % % % % % % % % % % % % . % % % % % % . . . . . . . . . % % % % % . . . %
% % . . . % % % . . . % % % % % % % % % % % % % % . . . % % % % % % % . % % %
. . % % % . . % % % . . . % % % . . . . . % % % . . . % % % % % % % . . . % %
% % % % % % % % % % % . . . % % % % % % % % % % . . % % % % % . . . % % % . .
. . . . . . . . . . . . . . . . % % % % % % % % % % . . . . . % % % % % % . .
. . . . . . . . . . . . . . . . . . . % % % % % % % % % % . % % % % % % . % %
% % % % . % % % % % % . % % % % % % . % % % % % % % % % % % % % % . . . % % %
% % % % . % % % . . % % % . . % % % . . . % % % . . . . % % % . . . % % % % %
% % % % . . . . . . % % % % % % % % % % . . . . . . . . . . . . . % % % % % %
% % % % . . . . . . . . . . . . . . . . . . . % % % % % % . % % % % % . % % %
% % . % % % % % % % % % % % % . . . . . . . . . . . . % % % % % % % % % % % %
. % % % . . % % % % . . % % % % . . . . . . % % % % % % % % . . % % % . . % %
% . % % % . % % % % . . . . . % % % % . % % % . . % % % . % % % . . . . % % %
. . . . . % % % . % % % . % % % . . . . . . . . . . . . . . . . . . . . % % %
. . . % % % . . % % % . . . . . . . . % % % . . . . . . . . . . . . . . . % %
% % % % % % % % . % % % % % % . % % % . . % % % . . . . . . . . . . . . . % %
% % % % . . . . . % % % % % % % % % % . % % % % . . . . . . % % % . % % % . .
. . . . . . . . . . . . . . . . % % % % % % . . . . % % % % % . . . % % % . %
% % % % % % % % % % . . . % % % % % % . . . . . . % % % % % . % % % . % % % .
. % % % . . . % % % . . . . . % % % % % . % % % % . . . % % % . % % % . . % %
% . % % % % . . % % % . . % % % . . % % % . . % % % . . % % % . % % % . . % %
% . . . . . % % % % % % % % % % % % % . . % % % % % % % % % % % % % % % % % %
. . . % % % % . . . . . . . . . % % % % % % % % % % % . . . % % % % % % % % %
% % . . . . . % % % % % % . . . % % % . % % % . . . . . . . . . . . . . . % %
% % % % % % % % % % % . . . . . . % % % % % % % % % % . % % % % % . % % % . .
. . . . % % % . . . . . % % % . . . . . % % % . . % % % . . . . . . . . % % %
% % . % % % % % % % % % % % . % % % . . % % % . . . % % % . . . % % % % % % .
% % % % . % % % . % % % . . % % % . . . % % % % % % . % % % % % % . % % % % %
. % % % % % % . % % % % % % % % % % . . . . . . . . . . . . . . . % % % % % %
% % % . . . % % % % % . % % % % . % % % % % % % % % % % % . . . % % % % % % .
% % % . . % % % . . % % % . . . % % % . . . . . % % % . . . % % % % % % % . .
. . . . . . . . % % % % % % % % % % % % % . . . % % % . . . . . . . % % % % %
% % % % % . . . . . . . . . . . % % % % % % . % % % % % . % % % % % . % % . %
% % % % % % % % % % . . . . . . . % % % % % % % % % % . . . . . % % % % % % %
% % % % % % . . . . . % % % % % % % % % % % % . . . . . . . . . . . . . % % %
% % % % % % % % . . . . . . . . . . . % % % % % % % % % % . . . . % % % . % %
% . . . % % % . % % % . . . % % % . . . . % % % % % % % % % % . % % % . % % %
% . . . . . % % % % % % % % % % % % % . . . . . . . . . % % % % % % % % % % %
. % % % . . . . . . % % % . . . % % % . . % % % . . . % % % . . . . % % % . %
% % . . . . . % % % % % % % % % % . % % % . . . . . . % % % . . . . % % % . .
. . % % % % % % % % % % % . . . . . . . . % % % % % % % % % % % % . . . % % %
% % % % % . . . . . % % % % % % % % . . . . . . . . . . . . . % % % % % % % %
% % . % % % % . % % % . . % % % . . . . . % % % % . . % % % . . % % % . . . %
% % . . . % % % . . . . % % % . . . % % % . . . . % % % % % % % % % % % . % %
% % . % % % . . % % % . . . . . % % % % . . % % % . . % % % . . . % % % . . .
% % % . . . . % % % . . . % % % . . . . . . . % % % % % % % % % % . . . . . %
% % % % . . . . . . . . . . . . . . . . . . . % % % % % % % % % % % . . . . .
. . . . . . . . . . . . . % % % % % % % % % % % % % . . . . . . . . . % % % %
% % % % % % % . . . . . % % % % % % % % % % % . . . . . . . . . . . . . . . %
% . / % % % % % % % % % % % . . . . . . . . . % % % % % . . . . % % % . % % %
. % % % . % % % . . . . . . % % % % . . . % % % . . . % % % . . . % % % . % %
% . . . % % % . . % % % . % % % . . % % % % % . % % % % % % % % % % % % % . .
. . . . . . . . . . . % % % % % . . . . . . % % % % % % % % . . . . . . . . %
% % . . % % % . % % % . % % % . . . . . . % % % . . . % % % . % % % . . % % %
. . % % % . . % % % . . % % % % % % % % % % % % . % % % % % . % % % . . . . .
. % % % . . . . . % . . . . % % % % % . . . . . . . . % % % % % % % % % % % .
. . % % % % % . . . . . . . . . . . . . . . . . % % % . . . . % % % % % . . .
. . . . . % % % % % % % % % . % % % . % % % . % % % . . . . . . . % % % . . .
% % % . . . % % % . . % % % . . . . % % % . . % % % % . % % . % % % % . % % %
% % % % . . . % % % . . . . . % % % . . . % % % . . . . . . . . . % % % % % %
% % . . . . . . . . . . . . . % % % % % % % . . . . . . . . . % % % % % % % .
. . . . . . . . % % % % % % % % % % % % % % % % % % . % % % % % % % % % . % %
% . . % % % . % % % . % % % % . % % % . . . . . . % % % . . % % % % . . . % %
% . . . % % % . . . . . . . . % % % . . . % % % % . . . . . . . . % % % . . .
% % % . . . . . . . % % % . . . % % % . . . % % % % . . . . % % % . . . . . %
% % . . . % % % . . . % % % . . . % % % . . . . % % % . . % % % . . . . . % %
% . . . . % % % % . . . . . . . . . . % % % . . . . . . . . . . % % % . . % %
% . . . . % % % . . . . . . . % % % . . . . . . . . . . . . . . . . . % % % .
. % % % . . % % % . . % % % . . . . % % % . . % % % . . . . % % % % % % % % .
% % % . . % % % . % % % . % % % % . % % % . . . . . . % % % . . % % % % . . .
% % % . . . % % % . . . . . . . . % % % . . . % % % % . . . . . . . . % % % .
. . % % % . . . . . . . % % % . . % % % . . . % % % . . % % % . . % % % . . .
% % % . . % % % . . . % % % . . % % % . . . . . . % % % . . % % % . . % % % .
. % % % . . . . % % % . . % % % . . . . % % % % % % % % % % . . . % % % . . %
% % . . . % % % % % % % % % % % % % . . . . . % % % . . % % % . . . . . . . %
% % . . % % % % . % % % . . % % % . . % % % . . . . . % % % % % . . % % % . .
. . . . . . . % % % . . . % % % . . . . . . % % % % % % % % % % % % % . . . .
. % % % . . % % % . . . . . . . % % % . . % % % . . % % % . . % % % . . % % %
. . . . . % % % . . . . . % % % . . . . . . % % % . . . . . . . . . . . . . .
. . . . % % % % % % % % % % % % % % . . . . . % % % . . % % % . . . . . . . %
% % . . % % % . . % % % . . % % % . . % % % . . . . . % % % . . . . . % % % .
. . . . . % % % % . . . . . . . . . . . . . . . . % % % . . . . . % % % . . .
. . . % % % % % % % % % % % % . . . . . % % % . . % % % . . . . . . . % % % %
. . . . . . % % % % % % % % % % % % % % . % % % % . . . . . % % % . . % % % .
% % % . % % % . . . . . . . . . % % % % % % % % % % % . . . . . % % % . . % %
% . . % % % % % % . . % % % . . . % % % . . % % % % % . . % % % . . . % % % %
. % % % % . . . . . % % % % % % % % % % % % % % % % % % % . . . . % % % % % %
% % % % % % % % % % % % % % % % % . . . . % % % % % % % % % % % % . . . . % %
% % % % % % % % % % . % % % % % % % . % % % % % % % . % % % % % % . % % % % %
. % % % % % . % % % % % . % % % % % % % % % % % . . . . . . . . . . . . % % %
. . % % % . . % % % . . % % % . . % % % . . . . . . . . % % % % % % % % % % .
% % % % % % % % % % . % % % % % % % % % . % % % % % % % % % . % % % % % % % %
% . % % % % % % % % . % % % % % % % . % % % % % % % % . % % % % % % % . % % %
% % % % % . % % % % % % . % % . % % % % % % % % . % % % % % . . % % % . . % %
% . . . % % % . . . . . . . . % % % . . % % % . . % % % . % % % % . % % % . .
. . . . . . . . . % % % . % % % % . % % % . % % % % . % % % % . % % % . . . .
. % % % % . . % % % % % . . . . . . . . . . . . . . . . . . % % % % % % % % .
% % % % . % % % . % % % . % % % . % % % . % % % . % % % % % % . . . . % % % %
% % % % % % % % . % % % . . . . . . . % % % . % % % % . . . % % % . . % % % .
. . % % % . . . . . . . . . . % % % . . % % % . . . . % % % . . . . % % % . %
% % . . . . . . . . . . . . . . . % % % . % % % . . . . . % % % % . % % % . .
. . . . . . . . . % % % . . % % % . . . . . % % % % . % % % . . . . . . . . .
. . . % % % . . . % % % . . . % % % . . . . . . . % % % % % . . . . . . . . .
. . . . . . . % % % % % % % % % % % % % % % . . % % % . % % % % . . . . . . .
% % % . . % % % . . % % % . % % % . . . % % % . . % % % . % % % . . % % % . %
% % . % % % . . . . . . . % % % . % % % . % % % . . . . . . . % % % . . . . %
% % % % % % % % % % . . . . . . . . . . . % % % % % % . . . . . . . . . . . .
. . . . . . . . . . . . . . . . . . . . . . . . . % % % % % % % % % % . % % %
. . % % % . % % % . . . . . . . . . . . . . . . . . . . . . . . . % % % % % %
% % % % % . % % % . . % % % . . . . % % % . . . % % % . . . % % % % % % % % %
% % % % % % % % % . . . . . % % % % % . . % % % . % % % . . . % % % . . . . .
. . . . . % % % % % % % % % % % % . . % % % . . % % % . . . . . . . % % % . .
. . . % % % . . . . . % % % % % % % % % % % % % % % . . . . . % % % % % % . %
% % % % . . . % % % . % % % . . . % % % . . . . . . . . . . . . % % % . . . .
. . . % % % % % % % % % % % % % . . . % % % . . % % % . . . . . . . . . . . .
. . . % % % . . . . . % % % . . . . . % % % % % % % % % % % % % % % % . . . .
. % % % % % . . . . % % % . % % % . . . % % % . . . . . . % % % . . . . . . .
. % % % . . . . . . . % % % % % % % % % % % % % . . . . % % % . . % % % . . .
. % % % . . . . . . . . . . . . . % % % . . . . . % % % . . . . . % % % % % %
% % % % % % % % % % % . . . . . % % % % . . . . % % % % % % % % % % % % % . .
. . % % % % % % % % % % % % % % % % . . . . . % % % % % . . % % % . % % % . .
. % % % . . . . . . % % % % . . . . . . . . . . . . % % % % % % % % % % % % %
. . % % % . . % % % . . . . . . . . . . . . . % % % . . . . . % % % . . . . .
% % % % % % % % % % % % % % % % % . . . . . % % % % % . . % % % . % % % . . .
% % % . . . . . . . . . . . . . . . . . . % % % % % % % % % % % % % . . % % %
. . % % % . . . . . . . . . . . . . % % % . . . . . % % % . . . . . % % % % %
% % % % % % % % % . . . . . . . . . . . . . . . . . . . . . . . % % % % % % %
% % % % % % % % % . % % % . % % % . % % % . . . . . . . . % % % % % % % % % %
% % % % % % . . . . . . . . . . . . . . . % % % % % % % % % . % % % % % % % %
% % % % % % % % % . % % % % % % % % . . . % % % % % % . . . % % % % % % % % %
% % % . % % % . . . . . % % % . % % % % % . . . % % % . % % % . . % % % . . .
. . % % % . . . . . . . % % % . . . . . % % % % % . % % % . . . . . . . % % %
% % % . % % % % % . % % % % % % % % % % % % % . % % % . % % % . % % % . . % %
% . % % % % . % % % . % % % . . . . . . . % % % . % % % . % % % . % % % % . .
% % % % . % % % . % % % % . % % % % . % % % . % % % . . . . . . . . % % % . %
% % . . . % % % . . % % % . . . . . . . . % % % . % % % . . % % % % . % % % .
. % % % . . . . . . . . . % % % . . % % % . . . % % % % % % % % % % % % % % .
% % % . . % % % % . % % % . . % % % % . % % % . % % % . % % % . % % % . . % %
% . % % % . . % % % . . % % % % . % % % . . % % % . % % % . . % % % . . % % %
. . . . . . % % % . . % % % % . % % % . . % % % . % % % . . % % % . . % % % .
. . . . . % % % % % . . % % % . . . . % % % % . % % % . . % % % . . . % % % %
. . % % % % % % % % . % % % . % % % % . % % % . . % % % . . . % % % % . % % %
% % . . % % % . . % % % . . % % % . . % % % . . . % % % % . . . . . % % % % %
. % % % % % . % % % % . % % % % % % % % % % % . . . % % % % % % % % % % % % %
% . % % % . % % % . . . % % % . % % % . . . % % % . . % % % % . % % % . . . .
. . . . . . % % % . % % % . % % % . . % % % . . . . . % % % . . . % % % . . .
. % % % . . . . . . % % % % % % % . % % % % % % % % % % . . . % % % % . % % %
. % % % . . . . . . . . . . . . . . . . . . . . . . . . . . . . . % % % . % %
% . . % % % . % % % . . . . . . . . . . . . . . . . . . . . . . . . . . . % %
% . . % % % . . . . . . . % % % % % % % % % % . . . % % % . % % % . % % % . .
% % % . % % % . . % % % . . . % % % . . . . % % % . . . . . . % % % % . % % %
. . . . . . . % % % % % % . % % % % % % % % . . . % % % . % % % % . . . . . .
. . . . % % % . % % . . . . . . . . % . . . . . . . . % % % % . % % % % . . .
% % % % % % . . . . . . . . . . . . . . % % % . % % % % . . . . . . . . . . .
% % % . . . . . . % % % . . . . . . % % % . . . . . . . . . . % % % . % % % .
% % % % . % % % . . . . . . . % % % % % % % % % . . . % % % . % % % % . . . .
. . . . . . % % % . % % % % . % % % % . . % % % . . . . . . . . . % % % . . %
% % % % % . . % % % % . . . . . . . . % % . . % % % . . % % % . . . . . . % %
% . . . . . . % % % . . . . . . . . . . % % % . % % % . % % % . % % % . . . .
. . . % % % % % % % % % % % % % % . . . . . . . . . . . . . . . . . % % % % %
. % % % % % . % % % % % % % . % % % % % % . . % % % % % % % . . . . . . . . .
. % % % % . . . . . . . . . . . % % % % % . . % % % % % % . % % % % % % % % %
% . % % % . % % % . . . . . % % % . . % % % % % % % % % % . % % % . % % % . %
% % . . % % % % % % % % . % % % . % % % % % % % % % % % % % % % . . . . % % %
% % % % . % % % . % % % % . . % % % . % % % . % % % . . % % % % . . . . . % %
% . . . % % % . % % % . . % % % . . % % % . % % % . % % % . . % % % . % % % .
. . . . . . % % % . . % % % % . . % % % . % % % % % % . % % % . % % % . % % %
% . . . . % % % % . . . . . . % % % . % % % % % . . . . . . . % % % % . . . .
. . . . % % % . . . . . % % % . . % % % . % % % % . . . . . . . % % % % . . %
% % . % % % % % % . . % % % . . % % % % . % % % % . . . % % % . % % % % % % .
% % % . % % % . % % % . . % % % . % % % % . . . . . . . . . . . . . % % % . %
% % . . . % % % . . . % % % . . . % % % . % % % % . % % % . . . % % % . % % %
. % % % . . . . . . . . . . . . . . . % % % . % % % . % % % . . . . % % % % %
% % % % . . . . . % % % % % % % % % . . . . . . . . . . . . . . . . . . . . .
. . . . . . . % % % % . % % % % % % % % % % % % % . . . . % % % % % % % % % %
. . . . . . . . . . . . . . . . . . . . . . . . . . . . . . . . . . . . . % %
% % % . . . . . . . . . . . . % % % % % % % % % . . . . . . . % % % . . . . %
% % % % % . % % % % % % % % % % . . . . . % % % % % % % % % % % % . . . % % %
% % % % % % % . . . % % % % % % % % % % % . . . % % % % > % % % %
<*datagidx.sty % % % % % % % % % % % % % % % % . . % % % . . . . . . . % % % .
% % % % % % % % . % % % % % . . . . . . . . . . . . . . % % % % % % . % % % %
% . % % % % % % . % % % % % % % . % % % % % . . . . . . . . . % % % % % % . .
. % % % % % . . . . . . . . . . . % % % % % % . % % % % % . % % % % % % % . %
% % % . . . . . . . . . . . . . % % % % % % % . % % % % % % . % % % % % . . .
. . . . % % % % % % . % % % % % . . . . . . . . . . . . . % % % % % % . % % %
% % % . . . . . . . . . % % % % % % . . . . . . . . % % % % % . . . . . . . %
% % % % % . . . . % % % % % % . . . . . . . . . . . . . . . . . . . . . . . .
. . . . . . . . . . . . . . . . . . . . . . . . . . . . % % % % % % % . % % %
% % % % . % % % % % % % . % % % % % % . % % % % % % . . . . . . . . . . . . .
% % % % % % . . % % % % % . . % % % . . . . . . % % % . . . . . . . . . % % %
. . . . . . . . . . . % % % . . . . . . . . . . . . % % % . . . . . . . . . .
. . % % % . . . . . . . . . . . . . % % % % % % % % % . . . . . % % % % . % %
% % % % % % % % % % % % % % % % % % % % % % % % % % % % % % % % % % % . % % %
% % % % % % % % % % % . % % % . . % % % . . . % % % % . . . % % % . . . % % %
% % % . . % % % % . . % % % % . . % % % % % % . . . . % % % % % % . . . . % %
% % % % % % % % % . . % % % . . . . . % % % . % % % . % % % % . . . . . . . .
. . . . . . . . . % % % . % % % . . % % % % % % % . . . . . . . . . . . . . .
% % % % % . . . . . . . . . . . . . . . % % % % % % % % % . % % % % % % % . %
% % % % % % % % % % % . . . . . . . . . . . % % % % % % % . . . . . . . . % %
% % % % % % % . . . . % % % % % . . . . . % % % % % . . . . . % % % % % % . .
. . % % % % % % . . . . % % % % % % . . . . . % % % % % % . . . . . % % % % %
% . . . % % % % % % . . . % % % % % % . . . % % % % % % . . . . % % % % % . .
. % % % . % % % % % . . . % % % % % . . . . . % % % % % . % % % % . % % % % %
. % % % % % . % % % % % . % % % % % % % % . . . % % % % % % % % . . . . . . %
% % % % . . . . . % % % % % % % % . . . . . % % % . . % % % . . % % % . . . %
% % . . . . . . % % % % % % % % . . . . . . . % % % % % % . % % % % % % . % %
% % % % % % . . . % % % . . . . . . . . . % % % . . . % % % % % % % . . . . .
. . . . . . % % % . . % % % . . . % % % . . . % % % . % % % . % % % . . . . .
. . . . . . . . % % % . . . . . . . . . . . . . . . . % % % . % % % % . . . .
% % . % . . % % % % . . . . . . . . . % % % . % % % . . . % % % % % % . . % %
% . . . . . . % % % % % % . . . . . . % % % % % % % . . . . . . . . . . . . .
. . . . . . . . . . . . . . . . . . . . . . . . . . . . . . . . . . . % % % %
% % . . . . . . . . . . . . . . . . . . . . . . . . . . . . . % % % % % . . .
. % % % % % % % % . . . . . . . % % % % % % . % % % % % % . % % % % % % . % %
% % % % % . . . % % % % % % % . % % % % % . . . . . . . % % % % % . % % % % %
% % . . . . . . . . . . . . . . % % % % % % % . . . . . . . . . . % % % % % %
. . . . % % % % % % . . . . % % % % % % % . % % % % % % % % . % % % % % % % .
% % % % % % . % % % % % . % % % % % . % % % % % % . % % % % % . % % % % % % %
% % % % . % % % . . . . . . . . . . . . . . . . . . . . . . . . . . . . . . .
. . . . . . . . . % % % % % % % % % % . % % % . . . . . . . . . . . . . . . .
. % % % % % % % % % % . % % % . . . . . . . . . . . . . . . . . . . . . . . .
. . . . . % % % . . . . % % % % % % . % % % % % % . % % % % % % % % % . . . .
. . . . . % % % % % % % . . . . . . % % % . . % % % . % % % % . % % % . . . .
. . . . % % % . . . . . . . . . % % % % . % % % . . . . . . . . % % % . . . .
. . . . . . . . . . . . . . . . % % % . . % % % . . . % % % % . . % % % . . %
% % . . . . % % % . . . . . . . . . . . . . . . . . . . . . . . . . . . . . .
. . . . . . . . . . . . . . . . % % % % % . % % % % % % . . . . . . . . . . .
. . . . . . . . . . . . . . . . . . . . . . . . . . % % % . % % % % . % % % .
% % % . . . . . . . . . . . . . . . . . . . . % % % . . . . . . . . . . . . .
. . . . . . . . % % % . . . . . . . . . . . . . . . . % % % % . . . . . . . .
. . . . . . . . . % % % % . % % % . . . . . . . . . . . . % % % . . . . . . .
. . . . . . . % % % . . % % % . . . % % % % . . % % % . . % % % . . . . % % %
. . . . . . . . . . . . . . . . . . . . . . . . . . . . . . . . . . . . . . .
. . . . . . . . . . . . . . . . . . . . . . . . . . . . . . . . . . . . . . %
% % % % . . % % % % % % % % . % % % % % % . % % % % % . . . . . . . . . . . .
. . . . . . . . . . . . . . . . . . . . . . . . . % % % . % % % % . % % % . %
% % . . . . . . . . . . . . . . . . . . . . . % % % . . . . . . . . . . . . .
. . . . . . . . . % % % . . . . . . . . . . . . . . . . . % % % % . . . . . .
. . . . . . . . . . . . % % % % . % % % . . . . . . . . . . . . . . % % % . .
. . . . . . . . . . . . . . . . . . . . . . % % % . . % % % . . . % % % % . .
% % % . . % % % . . . . . . . . . . . . . . . . . . . . . . . . . . . . . . .
. . . . . . . . . . . . . . . . . . . . . . . . . . . . . . . . . . . . . . .
. . . . . % % % % % % . . . . . . . . . . . . . . . . . . . . . . . . . . . .
. . . . . . . . . . . . . % % % . . % % % . . . % % % % . . % % % . . % % % .
. . . . . . . . . . . . . . . . . . . . . . . . . . . . % % % . . . . . . . .
. . . . . . . . . . . . . . . . . . . . . . . % % % % % % . % % % % % % . % %
% % % % . . . . . . . . . . . % % % % % % . % % % % % % . % % % % % % . % % %
% % % . % % % % % % . % % % % % % % % % % % % % . . . . . . . . . . . . . . %
% % . . . . . . . . . . . . . . % % % . . % % % . . . % % % % . . % % % . . %
% % . . . . % % % . . . . . . % % % . . . % % % . . . . . . . . . % % % . % %
% . . . . . . . . . . . . . % % % . . . . . . . . . . . . . . . . . . . . . .
% % % % % % % . . . . . . . . . . . % % % . . . . % % % % % . . . . . . . . .
. . . . . % % % % % % . . . . . . . . . . . . . . . . . % % % % % % . % % % %
% . . . . . . . . . . % % % % % % . % % % . % % . . . . . . % % % % . . . . .
. % % % . % % % . . % % % % % % . % % % . % % % . . % % % % % % . . . . . . %
% % . . . . % % % . . . . . . . . . . . . . . . . % % % % % . % % % . % % % .
. % % % . . % % % . . . . % % % . . . . % % % . . . . % % % . . . % % % . . %
% % % . . . . % % % . . . % % % . . . . . . . % % % . % % % % . . % % % . . .
. . . . . % % % . . % % % . . . . . . . % % % % % % . % % % % % . . . % % % %
% . . . % % % % % % . % % % . . % % % . . . . . . . . . . . . . % % % . . . .
. . % % % % % % . % % % . . % % % . . . . . . . . . . . . . . . . . % % % % .
. . . . . . . . . . . . . . . . % % % % % % % % . % % % % % % . . . % % % % %
. . . . . . . . . . . . % % % . . % % % % % . . % % % . . . . % % % % % % % %
% . . . . . % % % % . % % % % % % % . % % % . % % % . . % % % . % % % . . . .
. . % % % . . . % % % % % % % % % % . % % % . % % % % . . . . . % % % . % % %
. . . . . % % % % . % % % % % % . . . % % % % . . . . . . . . . . . . . . . .
. . . . . . % % % % % % . . . . . . . . . . . . . . % % % % % % % % % . . % %
% % . . % % % % . . % % % % . . . . % % % % . % % % % . . % % % % . . % % % %
. . % % % % . . . . . % % % % . . . . . % % % % . . . % % % % . . . % % % % %
% % . . . . % % % % % % % % . . . . % % % % % % % . % % % % % . % % % % % % .
. . . . . . % % % % % % % . . . . % % % % . . . . . . . . . . . . % % % % % %
% % % % . % % % % . . . . . . . . . . . . . . . . . . . . . . . . . . . . . .
. . . . . . . . . . % % % % % . % % % % % % . % % % % % . % % % % % % % . . .
% % % % % % % % % . . . % % % % % % % % % % % % . % % % % % . % % % % % % % %
% . . . % % % % % % % % % % . . . % % % % % % % % % . . . % % % % % % % . % %
% % % % % % % % . % % % % % % % . % % % % % % % % % % . % % % % % % % . % % %
% % % % % % . % % % % % % % % % . % % % % % % % % % . % % % % % % % % % . % %
% % % . % % % % % % . % % % % % % . % % % % % % . % % % % % % . % % % % % . %
% % % % % . % % % % % % % . . . . . . . . . . . . . . . . . . . . . . . . . .
. . . . . . . . . . . . . . . . % % % % % % % % % . . . . . . . % % % % % % %
% % . . . . . . % % % % % % . % % % % % . % % % . . . . . . . . . . . . . . .
% % % . . % % % . . % % % . % % % % . % % % % % . % % % . . . . . . . . . . .
. . . . . . . . . . . . % % % . % % % . . . . . . % % % . % % % . % % % . . %
% % . . . . . . . . . . . . . . % % % % % % % . . . . . . . . . . . . . . . .
. . . . . . . . . . . . . . . . . . . . . . . . . % % % . % % % . . . . . . %
% % . . . . . . . . . . . . . . . . . . . . . . . . . . . . % % % % . % % % %
. . % % % % % . % % % % % % % % . % % % % % % % . . . . . . . . . % % % % % %
. % % % . % % % . . % % % . . . . . . % % % . . . . % % % . . . . . . . . % %
% % % % . % % % . % % % . . % % % % % . . . . . . . . . . % % % . % % % . . %
% % % . . . . . % % % . . . . . . . . % % % % % % . . . . . . . . . . . . . .
. . . . . . . . % % % % % % % % % . . . . . . . . . . . . . % % % % % . % % %
% % % % . % % % % % % % % % % % % . . . % % % % % % % % % . . . % % % % % % %
% % . . % % % % . . . . . . . . . . . . . . . . . % % % % % % % % % % % . % %
% % . % % % . . . . . . . % % % . . % % % % . . % % % % % % % % % . % % % % .
% % % . . . . . . . % % % . . % % % % . . % % % % % % % % % . . . . . . . . .
. . . . . . . . % % % % % % % % % . . . . . . . . . . . . . . . . . % % % % %
% % % . % % % % % . . . . . . . . . . . . . . . % % % % % . . . % % % % % . .
. . . . . % % % % . . . . . . . % % % % . . . . . . . % % % % % % % . . . . .
. . . . . . % % % % . % % % % % % % % % . . . . . . . . . . % % % % % % . . .
. . . . . . . . . . . % % % % . . . . . . . . . . . . . . . . . . . % % % % %
% % % % . . . . % % % % % % % % % . . . . % % % % % % % . % % % . . % % % % .
% % % . . . . . . . % % % % . . . . . % % % . . . % % % % % % % % % . . . . .
. . . . . % % % % % % % % % % % % % . % % % . . . . . % % % % . % % % . . . .
. . . % % % . . . % % % . . % % % . . . . . % % % . . % % % . . . % % % % . %
% % . % % % % . . . . % % % % % % . % % % % % % % . . % % % . % % % . % % % %
. . . . . . % % % . . . % % % . . . . . % % % . . . % % % % . % % % . . . % %
% % % % % . % % % . % % % . . . . % % % . . . % % % % % . . . . . . . . % % %
% % % % % % % . . . . . . % % % % % % % % % . % % % % . . . . . % % % . % % %
. . . . . . . % % % % % . . . % % % . % % % % . . . % % % % . . . . . . . . .
. . % % % . . . . % % % % . . . % % % % % % . . . . . . . % % % % % % % % . .
. . % % % . . . . . % % . % % % . . % % % % . % % % . . . . . . . % % % . . %
% % . . . % % % . . . . . % % % % . . . % % % % % % . % % % % % % % % % . . .
. . . . . % % % % . . . % % % % . . . . % % % % . . % % % % . . . % % % . . .
. . % % % % . % % % . . . . . . . % % % % % % % % % . . . . . . . % % % % % %
% % % . . . . . . . . % % % % % % % % . . . . . . . . % % % % % % % % % . . .
. . . . . % % % % % % % % % % . . . . . % % % % % % % % . . . . . % % % % % %
% % . . . . . % % % % % % % . % % % % . % % % % . % % % % . % % % % . % % % %
. % % % % . % % % % . % % % % . % % % % . % % % % % % % % % . . . % % % % % %
% % % . . . % % % % % . . . . . % % % % . . . . . % % % % . . . . . % % % % .
. . . . % % % % % % . % % % . . . . . % % % . . . . . % % % . . . % % % . . .
% % % . . . . % % % . . . . . % % . . . . % % . . . . % % . . . % % % . . . .
. % % % . . . . % % % . . . . % % % . . . . . % % % . . . % % . % % . % % . .
. % % . % % . . . . . . . % % % % . . % % % % % % % % % . . % % % . % % % . %
% % . % % % . . % % % . % % % . . . . . . . . . . . . . . . . . . . . . . . .
. . . % % % . . % % % . . . . . . . . . . . . % % % . . % % % . . . . . . . .
. . . . . . . . . . % % % . . . . . . . . . % % % % % % . . . . . . . . . . .
. . . . . . . . . . . . % % % % % . . . . . . . . . % % % % % % % % % % % % .
. . . . . . . % % % . . % % % % . . . . . . % % % . . . . % % % . . % % % % %
. . . . . . . . . . . . % % % . . . . . % % % % % . . . . . . . % % % . . . .
. . . . . % % % % % % % % % % . . . . . . . . . . . % % % % . . % % % . . % %
% . . . % % % . . . . . . . . . . . . . % % % % % % . % % % % > % % % %
<*databib.sty % % % % % % . . % % % . % % % % % . % % % % . . % % % . % % % %
% % % . . . . . . . . % % % % % % % % % % . % % % % % % % % % . . % % % % % %
. % % % % . % % % % . % % % % . % % % % . % % % % . % % % % . % % % % . % % %
% . % % % % . % % % % . % % % % . % % % % . % % % % . % % % % % % % % % % % %
% % . . . . . . . % % % % % % % % % . % % % . . . . . . % % % . % % % . % % %
. . . % % % % % % % % % . % % % . . . . . . % % % . % % % . . . % % % . . . %
% % % % % % % % % . . . . . . . . % % % % % % % . % % % % % % . % % % % % % %
% % % % % % . . . . . . . . . . . % % % % % % % % % % % % % % % . . % % % % %
. % % % . % % % . % % % . . . . . . % % % % % . % % % . % % % . % % % . . . .
. . % % % % % % % % % % % % % . . % % % % % % . % % % . % % % . % % % . . . .
. . . . . . . . % % % % % % . % % % . % % % . % % % . . . . . . . . . . . . %
% % % % % % % % % % % . % % % % % . % % % % % % % % % % % % . % % % % % % % %
% % % % . . . % % % % % % % % % % % . . . . % % % % % % % % % % % . . . . . .
. . . . . . . % % % % % % % % % . % % % % % % % % % . . % % . . . . . . . . .
. . . . . . . . . . . % % % % % % % % % . . . % % % % % % % % % % . % % % % %
% % % % . % % % % % % % % % % % . . . % % % % % % % % % % . . % % % % % % % %
% % % % % . . . % % % % % % % . % % % % % % . % % % % % % % . % % % % % . % %
% % % % % . . % % % % % % . . . . . . . . . . . . . . . . . . . . . . . . . .
. . . . . . . . . . . . . . . . . . . % % % % % % % . . % % % % % % % . . . .
. . . . . . . . . . . . . . . . . . . . . . . . . . . . . . . . . . . . . . .
. . . . . . . . . . % % % % % % % % % % . . . . . . . . . . . . . % % % % % %
% % % % % % . . . . % % % % % % % % % % % % . . . . % % % % % % % % % % % . .
. . . . . . % % % % % % % % % . . . % % % % % % % % % % . . . . . . . . % % %
% % % . . . . . . . . . . . . . . . . . . . . . . . . . . . % % % % % % . . .
. . . . . . . . . . . % % % % % % . . . . . . . . . . . . . % % % % % % . . .
. . . . . . . . % % % % % % . . . . . . . % % % % % % . . . . . . . . . . . .
. . . . . . . % % % % % . . . . . . . . . . . . . . . . . . . . . . . . . % %
% % % . . . . . . . . . . . . . . . . . . . . . . . . . . . . % % % % % % . .
. . . . . . . . . . . . % % % % % % . . . . . . . . . . . . . . . . . . . . .
. . % % % % % . . . . . . . . . . . . . . . . . . . % % % % % . . . . % % % %
% % % % % % % % % % % . . . % % % % . . % % % % % % % % % % % % . . . % % % %
. . . . . . . . . . . . . . . . . % % % % % % % % % % % . . . % % % % . . . .
. . . . . . . . . . . . . % % % % % % % % % % % % . . . % % % % . . . . . . .
. . . . . . . . . . % % % % % % % % % % % . . . % % % % . . . . . . . . . . .
. . . . . . % % % % % % % % % % % % . . . % % % % . . . . . . . . . . . . . .
. . . % % % % % % % % % % % % . . . % % % % . . . . . . % % % % % % % % % % %
. . . . . % % % % % % . . % % % % % . . . . . . . . . . . . . . . % % % % % .
. . . . . . . . . . . . . . % % % % % % . % % % % % % . % % % % % % % % % % %
% % % . . . . . . . % % % % % % % % % % . . . . . % % % % % % . . . . . % % %
% % % . % % % % % % . % % % % % % . % % % % % % . % % % % % % . % % % % % % .
% % % % % % . % % % % % % . % % % % % % . % % % % % % . % % % % % % . % % % %
% % . % % % % % % . % % % % % % . % % % % % % % % . % % % % % . % % % % % . %
% % % % . % % % % % . % % % % % . % % % % % . % % % % % . . % % % % % . % % %
% % . % % % % % . % % % % % . % % % % % . % % % % % . % % % % % . % % % % % .
% % % % % . % % % % % . . % % % % % . . % % % % % . % % % % % % % % % % % . %
% % . . . . . % % % . . % % % . . . . . % % % . . . . . % % % . % % % . % % %
. . . . . . . . . . . . . . . . . . . . . . . % % % . . . . . . . . % . . . .
. . . . . . . . . . . . . . . . . . % % % . . . . . . . . . . . . . . . . . .
. . . . % % % . . . . . . . % % % . . . . . . . . . . . . . . . . . . . . . .
. . . . . . . . . . . . . . . . . . . . . . . . . . . . . . . . % % % . . . .
. . . . . . . . . . . . . . . . . . % % % . . . . . . . . . . % . . . . . . .
. . . . . . . . . . . . . . . . . . . . . . . . . . . . . . . . . . . . . . .
. % % % . . . . . . . . % . . . . . . . . . . . . . . . . . . . . . . . . . .
. . . . . . . . . . . . . . . . . . . . . . . . . % % % . . . . . . . . . % .
. . . . . . . . . . . . . . . . . . . . . . . . . . . . . . . . . . . . . . .
. . . . . . . . . . . . . . . . . . . . . . . . . . . % % % . . . . . . . . .
. . . . . . . . . . . . . . . . . . . . . . . . . . . . . . . . . . . . . . .
. . . . . . . . . . . . . . % % % . . . . . . . . . . . . . . . . . . . . . .
. . . . . . . . . . . % % % . . . . . . . . . . . . . . . . . . . . . . . . .
% % % . . . . . . . . . . . . . . . . . . . . . . . . . . . . . . . . . % % %
. . . . . . . . . . . . . . . . . . . . . . . . . . . . . . . . . . . . . . .
. . . . . . . . . . . . . . . . . . . . . . . . . . % % % . . . . . . . . . .
. . . . . . . . . . . . . . . . . . . . . . . . . . . . . . % % % . . . . . .
. . . . . . . . . % % % . % % % % % . % % % % % % % . % % % . % % % . . . . .
% % % . . . . . % % % . % % % . . . . . . . . . . . . . . . . . . . . . % % %
. % % % % % % % . % % % . % % % . . . . % % % . . . . . . % % % . % % % % % %
% % % % % % . . . . . . . . . . . . . . . . . . . . . . . . . . . . . . . . .
. . . . . . . . . . . . . . . . . . . . . . . . . . . . . . . . % % % % % % %
% . . . . . . . . . . . . . . . . . . . . . . % % % % . . . . . . . % % % % .
. . . . . . . . . . . . . . . . . % % % . . . . . % % % . . . . . . . . . . .
. . . . . . . . . . . . . . . . . . . . . . . . . % % % % % % % % . . . % % %
% . % % % % % % % % % % % % % % % % . . . . . . . . . . . % % % . % % % % % %
% % % % % % % . . % % % % . . . . . . . . . . . . . . . . . . . . . . . . . %
% % % % % % % % . . . . . . . . . . . . . . . . . . . . . . . . % % % % % % %
% . . . . . . . . . . . . . . . . % % % % % % % % % % % . . . . . . . % % % %
> % % % % <*databar.sty % % % % % . . % % % . % % % . % % % % % . . % % % % .
. % % % % . % % % % . % % % % . . . . . . . . % % % % . % % % . . . . . . . .
% % % . % % % . . % % % % % % % . . % % % % % % . . % % % % % % % . . % % % %
% . % % % % % . % % % % % % % . . % % % % % % . % % % % % . % % % % % . % % %
% % % . % % % % % % . % % % % % % % % . % % % % % % % % . % % % % % % % . % %
% % % % . % % % % % % . % % % % % % % . % % % % % % % % % . . . % % % % % % %
% % . . % % % % % % % % % . . . % % % % % % % . . . . . . . . . % % % % % % %
. % % % % % % % . . % % % % % % . . . . . . . . . . . . . . . . . . . % % % %
% % % % . % % % % % % . % % % . . % % % . . . . . . % % % . . . . . . . . . .
. . . . . . . . . . . . . % % % % . . . % % % % . . . % % % . % % % . . . % %
% . . . % % % % . . % % % . . . % % % . . . % % % % . . . % % % . . . % % % .
. . % % % . . . % % % % % % % % % % % % % . . . . . . . . . . . . . . . % % %
% % % . . . . . . . . . . . . . . . . . . . . . . . . . % % % % . . . . . . .
. . . . . . . . . . . . . . . % % % . . . % % % . . . . . . . . . . . . . . .
. . . . . . . . . . . . . . . . . . . . . . . . . . . . . . . . . . . . . . .
. . . % % % . % % % . % % % . . . . . . . % % % . % % % . % % % . % % % . . %
% % . . % % % . . . . . . . . . . % % % . . . . . . . . . . . . % % % . . . .
. . . % % % . . . . . . . . % % % . . . . % % % . % % % . . . . . . . . . . .
. . . % % % . . % % % . . . . . . . . . . . . . . % % % . . . . % % % . % % %
% . % % % . . % % % . . . . . . . . . % % % . . . . . . . . . % % % . . . . .
. . . . . . . . . . . . . . . . . . . . . . . . . . . . . . . . . . % % % . .
. . . . . . . . . . . . . . . % % % . . . . . % % % % % % % % % % % % % % % .
. . . . . . . . % % % % % % . . . . . . . . . . . . . . . . . . . . . . % % %
% . . . . . . . . . . . . . . . . . . . . . % % % . . . % % % . . . . . . . .
. . . . . . . . . . . . . . . . . . . . . . . . . . . . . . . . . . . . . . .
. . . . . . . . . . % % % . . . . . . . . . . . . . . . % % % . . . . . % % %
% . . . . . % % % . % % % . . . . . . . % % % . % % % . % % % . % % % . % % %
. . % % % . . % % % . % % % . % % % . . % % % . . % % % . . % % % . . . . . .
. . . . % % % . . . . . . . . . . . . % % % . % % % . . . . . . . . . . . . .
. . . . . . % % % . . . . . . . . . . . . . . . . . . . . . . . . . . . . . .
. . . . . % % % . % % % % . % % % . . . % % . . . . . . . . . . . . . . . . .
. . % % % . . % % % . . . . . . . . . % % % . . . . . . . . . % % % . . . . .
. . . . . . . . . . . . . . . . . . . . . . . . . . . . . . . . . . % % % . .
. . . . . . . . . . . . . . . % % % . . . . % % % % > % % % % <*datapie.sty %
% % % % . . % % % . % % % % % . . % % % % . . % % % % . % % % % . % % % % . .
% % % . . % % % . . % % % . % % % . . % % % % % % % . . % % % % % . % % % % %
. % % % % % . % % % % % . % % % % . . % % % % . . % % % % . . % % % % % % % .
% % % % % % % . % % % % . % % % % % % . . % % % % % % % % % % . % % % % % % %
% % % . % % % % % % % . . . . . . . . % % % % % % % % . % % % % % % % % . % %
% % % % % % % . . . % % % % % % % % % . . % % % % % % % % % . . . % % % % % %
. . . . . . . . . % % % % % % % . % % % % % % % . . % % % % % % . . . . . . .
. . . . . . . . . . . . % % % % . % % % % . . . . % % % . . . % % % . . . % %
% . . . % % % % . . % % % % . . % % % % . . % % % . . % % % % . . % % % . . %
% % . . % % % % % % % % % % % % % % . . . . . . . . % % % % % . . . . . . . %
% % . . . . . . . . . . . . . . . . . % % % . . . % % % . % % % . . . . % % %
. . % % % . . % % % . . % % % . % % % . . . . . . . . . . . . % % % . . % % %
. % % % % . . . % % % . . . . . . % % % . % % % . % % % % % . . . . . . . . .
. . . . . . . . . % % % . . . % % % . % % % % . . . . . . . . . . . . . . . .
. . % % % . % % % . . . . . . . . . . . . . . . . . . . . . % % % . . . . . .
. . . . . . . . . . . . % % % . . . % % % % . . . . . . . . . . . . . . . . .
. . . . . . . . . . % % % . . . . . . . . % % % . . . . . . . . . . . . . . .
. . . . % % % % % % % % % % % % % % . . . % % % . % % % . . . . . % % % . % %
% . . . . . . . . . . . . . . % % % % % % . . . . . . . . . % % % % % % . . .
. . . . . . . . % % % % % . % % % % % % . . . . . . . . . . . . . . . . . . .
. . . . . . . . . . . % % % % > % % % % <*dataplot.sty % % % % % . . % % % . .
. % % % . . % % % % . % % % % % % % % % % % % % % . . . . . . . % % % % % % %
. . . . . . . . . . . % % % % % % . . . . . . . . . . % % % % % % % . . . . .
. . . % % % % % . . . . . . . . . . % % % % % % % . . % % % % % % % . . % % %
% % % . . % % % % % % . . % % % % % % . . % % % % % % . % % % % % % . % % % %
% % . . % % % % % % . . % % % % % % . . % % % % % % . . % % % % % % . . % % %
% % % . % % % % % % % . . % % % % % % . % % % % % % . % % % % % % . % % % % %
% % . . % % % % % % . . % % % % % % . % % % % % % . . % % % % . . % % % % % %
% % . . . % % % % % % . . % % % % % % . . % % % % % % % . % % % % % % % % . .
. . . . . . . . % % % % . . . . . % % % % % % % . % % % % % % . . % % % . . %
% % % . . % % % % . . % % % % . . . % % % % % . . % % % % % . . % % % . . % %
% . . % % % . . . . . . . . . . . % % % . . . . . . . . . . . . . . . . . . .
. . . . . % % % % . . % % % % % . . % % % % % . . % % % % % . . . % % % % % .
. . % % % % % . % % % % % . . . . . . . % % % % . . . . . . . % % % % . . . .
. . . . . % % % % % . . . % % % . . . % % % . . . % % % . . . % % % . . . % %
% % . . . % % % % . . . % % % % . . . % % % % . . . % % % . . . % % % . . . %
% % . . . % % % . . . % % % % % % . . . . % % % % . % % % % % % % % % . . . .
. . . . . . . . . . . . . . . . . . % % % % % . . . . . . . . . . . . . . . .
. . . % % % . . . % % % % % % % % % % . . . . . . . . . . % % % % . . . % % %
. . . % % % . . . . . . . . . . % % % . . . . . . . . . . . . % % % . . . . .
. . . % % % % . . . . % % % . . . % % % . . . . . . . . . . % % % . . . . . .
. . . . . . % % % % . . . . . . . . . . . . . . . . . . . . . % % % . % % % .
. % % % % % . . . % % % . . % % % . . . . . % % % . . . . % % % . . . . . % %
% . . . . . . . . . . . . . . . . . . . . . . % % % . % % % . . . % % % . . .
. % % % . % % % . . . . . . . . % % % . . . . . . . . % % % . . . . . . . . .
% % % . . % % % . . . . % % % . . . . % % % . % % % . . . % % % . . . . . . .
. . % % % . . . . . . . . . % % % . % % % . . . % % % . . . . % % % . % % % .
. . . . . . . % % % . . . . . . . . % % % . . . . . . . . . % % % . . . . . .
. . % % % . . . . % % % . % % % . . . % % % . . . . . . % % % . . . . . . . .
. % % % % . % % % . % % % . . . . . . % % % . . . . . . . . . . . . . . . . .
. . . . . % % % . . . . . . % % % . . . . . . . . . . . . . . . . . . . . . .
% % % . . . . . . . . . % % % . % % % % % . . . . . . . . . . . % % % . . . .
. . . . . . . . . % % % . . . . . . . . . . . . . . . . . . % % % . . . . . .
. . . . . . . . . . . . . . . . . . . . . . . . . . . . . . . . . . . . . . .
. . . . . . . . . . . . . . . . . . . . . . . . . . . . . . . . . . . . . . .
. . . . . . . % % % % . . % % % . . . . . . . % % % % % % % . . . . . . . . .
. . . . . . . % % % % % % % % % % % . . . % % % . . . . . . . . . . . . . . %
% % . . . . . . . % % % . . . . % % % . . . . . . . . . . . . . % % % % % % %
% % % % % . . . . . . . . . . . . % % % % % % % % % % % % . . . . . . . . . .
. . . . . . . . . . . . . . . . . % % % % % % % % % % % . . . . . . . . . . .
. . . . . . . . . . . . . . % % % % % % % % % % % % % % . . . . . . . . . . .
. . . % % % % % % % % % % % . . . . . . . . . . . . . . . . . . . . . . . . .
% % % % > % % % % <*person.sty % % % % % % . . % % % . . % % % % % . % % % % %
. % % % % % . % % % % % % . . . . . % % % % % % % . % % % % % . . . . . % % %
% % . . . . . % % % % % % % . % % % % % % % % % . . . % % % % % % % % % . . .
% % % % % % % % % % % . . . . . . . . . . . . . . . . . . . . . . . . . . . .
. . % % % % % % % % . . . . % % % . . . % % % . . . . % % % . % % % . . . . .
. . . . . . . % % % % % . . . . . . . . % % % % % . . . . . . . . . . . . % %
% % % % % % . . . % % % % % % % % . . . . . . . . . . . . . . . % % % % % % %
% . . . . . . . . . . . . . . . . . . . . % % % % % % % % . . . . . . . . . .
. . . . . % % % % % % % . . . . . . . . . . . . . . % % % % % % % % % % . . .
. . . . . . . . . . . . . . . . . . . . . . . . . . . . . . . . . % % % % % %
% % % . % % % % . % % % % . % % % % . % % % % . % % % % . % % % % . % % % % .
% % % % . % % % % . % % % % . % % % % . % % % % . % % % % . % % % % . % % % %
. % % % % . % % % % . % % % % . % % % % . % % % % . % % % % . % % % % . % % %
% . % % % % . % % % % % % . % % % % . % % % % . % % % % % % % . % % % % % . %
% % % % . % % % % % % % % % % . . . . . . . . . % % % % % % % . . . . . . . .
. . . . . . . . . . . . . . . . . % % % % % % . . . . . . . . . % % % % % % %
. . . . . . . . . . . . . . . . . . . . . . . . . % % % % % % . . . . . . . .
. . % % % % % . . . . . . . . . . . % % % % % % % . . . . . . . . % % % % % %
. . . . . . . . % % % % % % . . . . . . . . . . % % % % % . . . . . . . . . .
. % % % % % % . . . . . . . . % % % % % . . . . . . . . % % % % % % % . . . .
. . . . . . % % % % % . . . . . . . . . . . % % % % % % . . . . . . . . % % %
% % . . . . . . . . % % % % % % % . . . . . . . . . . % % % % % . . . . . . .
. . . . % % % % % % . . . . . . . . % % % % % . . . . . . . . % % % % % % % .
. . . . . . . . . % % % % % % . . . . . . . . . . . % % % % % % % % % . . . .
. . . . . . % % % % % % . . . . . . . . . . . . % % % % % % % . . . . . . . .
. . % % % % % % . . . . . . . . . . . % % % % % % % . . . . . . . . % % % % %
% . . . . . . . . % % % % % % % . . . . . . . . . . % % % % % % % . . . . . .
. . . . . % % % % % % % % . . . . . . . . . . % % % % % % % % % . . . % % % %
% % % % % % % . . . % % % % % % % . . . . . . . . . % % % % % % % . . . . . .
. . . . % % % % > % % % % <*databib.bst % % % % . . . . . . . . . . . . . . .
. . . . . . . . . . . . . . . . . . . . . . . . . . . . . . . . . . . . . . .
. . . . . . . . . . . . . . . . . . . . . . . . . . . . . . . . . . . . . . .
. . . . . . . . . . . . . . . . . . . . . . . . . . . . . . . . . . . . . . .
. . . . . . . . . . . . . . . . . . . . . . . . . . . . . . . . . . . . . . .
. . . . . . . . . . . . . . . . . . . . . . . . . . . . . . . . . . . . . . .
. . . . . . . . . . . . . . . . . . . . . . . . . . . . . . . . . . . . . . .
. . . . . . . . . . . . . . . . . . . . . . . . . . . . . . . . . . . . . . .
. . . . . . . . . . . . . . . . . . . . . . . . . . . . . . . . . . . . . . .
. . . . . . . . . . . . . . . . . . . . . . . . . . . . . . . . . . . . . . .
. . . . . . . . . . . . . . . . . . . . . . . . . . . . . . . . . . . . . . .
. . . . . . . . . . . . . . . . . . . . . . . . . . . . . . . . . . . . . . .
. . . . . . . . . . . . . . . . . . . . . . . . . . . . . . . . . . . . . . .
. . . . . . . . . . . . . . . . . . . . . . . . . . . . . . . . . . . . . . .
. . . . . . . . . . . . . . . . . . . . . . . . . . . . . . . . . . . . . . .
. . . . . . . . . . . . . . . . . . . . . . . . . . . . . . . . . . . . . . .
. . . . . . . . . . . . . . . . . . . . . . . . . . . . . . . . . . . . . . .
. . . . . . . . . . . . . . . . . . . . . . . . . . . . . . . . . . . . . . .
. . . . . . . . . . . . . . . . . . . . . . . . . . . . . . . . . . . . . . .
. . . . . . . . . . . . . . . . . . . . . . . . . . . . . . . . . . . . . . .
. . . . . . . . . . . . . . . . . . . . . . . . . . . . . . . . . . . . . . .
. . . . . . . . . . . . . . . . . . . . . . . . . . . . . . . . . . . . . . .
. . . . . . . . . . . . . . . . . . . . . . . . . . . . . . . . . . . . . . .
. . . . . . . . . . . . . . . . . . . . . . . . . . . . . . . . . . . . . . .
. . . . . . . . . . . . . . . . . . . . . . . . . . . . . . . . . . . . . . .
. . . . . . . . . . . . . . . . . . . . . . . . . . . . . . . . . . . . . . .
. . . . . . . . . . . . . . . . . . . . . . . . . . . . . . . . . . . . . . .
. . . . . . . . . . . . . . . . . . . . . . . . . . . . . . . . . . . . . . .
. . . . . . . . . . . . . . . . . . . . . . . . . . . . . . . . . . . . . . .
. . . . . . . . . . . . . . . . . . . . . . . . . . . . . . . . . . . . . . .
. . . . . . . . . . . . . . . . . . . . . . . . . . . . . . . . . . . . . . .
. . . . . . . . . . . . . . . . . . . . . . . . . . . . . . . . . . . . . . .
. . . . . . . . . . . . . . . . . . . . . . . . . . . . . . . . . . . . . . .
% % % % > % % %
File datatool.dtx ended by \endinput.
Lines  processed: 29092
Comments removed: 13381
Comments  passed: 15
Codelines passed: 15670

 )
No pages of output.
